<?xml version="1.0" encoding="UTF-8"?>
<!-- Generated by org.testng.reporters.JUnitReportReporter -->
<testsuite hostname="LAPTOP-KNL22F4G" failures="0" tests="1000" name="testNGFlags.Flag3" time="0.492" errors="0" timestamp="2023-05-26T10:20:17 IST" skipped="0">
  <testcase classname="testNGFlags.Flag3" name="method1" time="0.000"/>
  <system-out>
    <![CDATA[Login Test Case!!]]>
  </system-out>
  <testcase classname="testNGFlags.Flag3" name="method1" time="0.001"/>
  <system-out>
    <![CDATA[Login Test Case!!]]>
  </system-out>
  <testcase classname="testNGFlags.Flag3" name="method1" time="0.002"/>
  <system-out>
    <![CDATA[Login Test Case!!]]>
  </system-out>
  <testcase classname="testNGFlags.Flag3" name="method1" time="0.001"/>
  <system-out>
    <![CDATA[Login Test Case!!]]>
  </system-out>
  <testcase classname="testNGFlags.Flag3" name="method1" time="0.000"/>
  <system-out>
    <![CDATA[Login Test Case!!]]>
  </system-out>
  <testcase classname="testNGFlags.Flag3" name="method1" time="0.000"/>
  <system-out>
    <![CDATA[Login Test Case!!]]>
  </system-out>
  <testcase classname="testNGFlags.Flag3" name="method1" time="0.001"/>
  <system-out>
    <![CDATA[Login Test Case!!]]>
  </system-out>
  <testcase classname="testNGFlags.Flag3" name="method1" time="0.001"/>
  <system-out>
    <![CDATA[Login Test Case!!]]>
  </system-out>
  <testcase classname="testNGFlags.Flag3" name="method1" time="0.001"/>
  <system-out>
    <![CDATA[Login Test Case!!]]>
  </system-out>
  <testcase classname="testNGFlags.Flag3" name="method1" time="0.000"/>
  <system-out>
    <![CDATA[Login Test Case!!]]>
  </system-out>
  <testcase classname="testNGFlags.Flag3" name="method1" time="0.001"/>
  <system-out>
    <![CDATA[Login Test Case!!]]>
  </system-out>
  <testcase classname="testNGFlags.Flag3" name="method1" time="0.000"/>
  <system-out>
    <![CDATA[Login Test Case!!]]>
  </system-out>
  <testcase classname="testNGFlags.Flag3" name="method1" time="0.001"/>
  <system-out>
    <![CDATA[Login Test Case!!]]>
  </system-out>
  <testcase classname="testNGFlags.Flag3" name="method1" time="0.000"/>
  <system-out>
    <![CDATA[Login Test Case!!]]>
  </system-out>
  <testcase classname="testNGFlags.Flag3" name="method1" time="0.000"/>
  <system-out>
    <![CDATA[Login Test Case!!]]>
  </system-out>
  <testcase classname="testNGFlags.Flag3" name="method1" time="0.001"/>
  <system-out>
    <![CDATA[Login Test Case!!]]>
  </system-out>
  <testcase classname="testNGFlags.Flag3" name="method1" time="0.000"/>
  <system-out>
    <![CDATA[Login Test Case!!]]>
  </system-out>
  <testcase classname="testNGFlags.Flag3" name="method1" time="0.000"/>
  <system-out>
    <![CDATA[Login Test Case!!]]>
  </system-out>
  <testcase classname="testNGFlags.Flag3" name="method1" time="0.001"/>
  <system-out>
    <![CDATA[Login Test Case!!]]>
  </system-out>
  <testcase classname="testNGFlags.Flag3" name="method1" time="0.001"/>
  <system-out>
    <![CDATA[Login Test Case!!]]>
  </system-out>
  <testcase classname="testNGFlags.Flag3" name="method1" time="0.001"/>
  <system-out>
    <![CDATA[Login Test Case!!]]>
  </system-out>
  <testcase classname="testNGFlags.Flag3" name="method1" time="0.001"/>
  <system-out>
    <![CDATA[Login Test Case!!]]>
  </system-out>
  <testcase classname="testNGFlags.Flag3" name="method1" time="0.001"/>
  <system-out>
    <![CDATA[Login Test Case!!]]>
  </system-out>
  <testcase classname="testNGFlags.Flag3" name="method1" time="0.001"/>
  <system-out>
    <![CDATA[Login Test Case!!]]>
  </system-out>
  <testcase classname="testNGFlags.Flag3" name="method1" time="0.000"/>
  <system-out>
    <![CDATA[Login Test Case!!]]>
  </system-out>
  <testcase classname="testNGFlags.Flag3" name="method1" time="0.001"/>
  <system-out>
    <![CDATA[Login Test Case!!]]>
  </system-out>
  <testcase classname="testNGFlags.Flag3" name="method1" time="0.000"/>
  <system-out>
    <![CDATA[Login Test Case!!]]>
  </system-out>
  <testcase classname="testNGFlags.Flag3" name="method1" time="0.001"/>
  <system-out>
    <![CDATA[Login Test Case!!]]>
  </system-out>
  <testcase classname="testNGFlags.Flag3" name="method1" time="0.000"/>
  <system-out>
    <![CDATA[Login Test Case!!]]>
  </system-out>
  <testcase classname="testNGFlags.Flag3" name="method1" time="0.002"/>
  <system-out>
    <![CDATA[Login Test Case!!]]>
  </system-out>
  <testcase classname="testNGFlags.Flag3" name="method1" time="0.001"/>
  <system-out>
    <![CDATA[Login Test Case!!]]>
  </system-out>
  <testcase classname="testNGFlags.Flag3" name="method1" time="0.001"/>
  <system-out>
    <![CDATA[Login Test Case!!]]>
  </system-out>
  <testcase classname="testNGFlags.Flag3" name="method1" time="0.001"/>
  <system-out>
    <![CDATA[Login Test Case!!]]>
  </system-out>
  <testcase classname="testNGFlags.Flag3" name="method1" time="0.000"/>
  <system-out>
    <![CDATA[Login Test Case!!]]>
  </system-out>
  <testcase classname="testNGFlags.Flag3" name="method1" time="0.002"/>
  <system-out>
    <![CDATA[Login Test Case!!]]>
  </system-out>
  <testcase classname="testNGFlags.Flag3" name="method1" time="0.000"/>
  <system-out>
    <![CDATA[Login Test Case!!]]>
  </system-out>
  <testcase classname="testNGFlags.Flag3" name="method1" time="0.000"/>
  <system-out>
    <![CDATA[Login Test Case!!]]>
  </system-out>
  <testcase classname="testNGFlags.Flag3" name="method1" time="0.001"/>
  <system-out>
    <![CDATA[Login Test Case!!]]>
  </system-out>
  <testcase classname="testNGFlags.Flag3" name="method1" time="0.000"/>
  <system-out>
    <![CDATA[Login Test Case!!]]>
  </system-out>
  <testcase classname="testNGFlags.Flag3" name="method1" time="0.001"/>
  <system-out>
    <![CDATA[Login Test Case!!]]>
  </system-out>
  <testcase classname="testNGFlags.Flag3" name="method1" time="0.001"/>
  <system-out>
    <![CDATA[Login Test Case!!]]>
  </system-out>
  <testcase classname="testNGFlags.Flag3" name="method1" time="0.000"/>
  <system-out>
    <![CDATA[Login Test Case!!]]>
  </system-out>
  <testcase classname="testNGFlags.Flag3" name="method1" time="0.001"/>
  <system-out>
    <![CDATA[Login Test Case!!]]>
  </system-out>
  <testcase classname="testNGFlags.Flag3" name="method1" time="0.000"/>
  <system-out>
    <![CDATA[Login Test Case!!]]>
  </system-out>
  <testcase classname="testNGFlags.Flag3" name="method1" time="0.001"/>
  <system-out>
    <![CDATA[Login Test Case!!]]>
  </system-out>
  <testcase classname="testNGFlags.Flag3" name="method1" time="0.000"/>
  <system-out>
    <![CDATA[Login Test Case!!]]>
  </system-out>
  <testcase classname="testNGFlags.Flag3" name="method1" time="0.000"/>
  <system-out>
    <![CDATA[Login Test Case!!]]>
  </system-out>
  <testcase classname="testNGFlags.Flag3" name="method1" time="0.000"/>
  <system-out>
    <![CDATA[Login Test Case!!]]>
  </system-out>
  <testcase classname="testNGFlags.Flag3" name="method1" time="0.001"/>
  <system-out>
    <![CDATA[Login Test Case!!]]>
  </system-out>
  <testcase classname="testNGFlags.Flag3" name="method1" time="0.000"/>
  <system-out>
    <![CDATA[Login Test Case!!]]>
  </system-out>
  <testcase classname="testNGFlags.Flag3" name="method1" time="0.001"/>
  <system-out>
    <![CDATA[Login Test Case!!]]>
  </system-out>
  <testcase classname="testNGFlags.Flag3" name="method1" time="0.000"/>
  <system-out>
    <![CDATA[Login Test Case!!]]>
  </system-out>
  <testcase classname="testNGFlags.Flag3" name="method1" time="0.000"/>
  <system-out>
    <![CDATA[Login Test Case!!]]>
  </system-out>
  <testcase classname="testNGFlags.Flag3" name="method1" time="0.000"/>
  <system-out>
    <![CDATA[Login Test Case!!]]>
  </system-out>
  <testcase classname="testNGFlags.Flag3" name="method1" time="0.001"/>
  <system-out>
    <![CDATA[Login Test Case!!]]>
  </system-out>
  <testcase classname="testNGFlags.Flag3" name="method1" time="0.001"/>
  <system-out>
    <![CDATA[Login Test Case!!]]>
  </system-out>
  <testcase classname="testNGFlags.Flag3" name="method1" time="0.000"/>
  <system-out>
    <![CDATA[Login Test Case!!]]>
  </system-out>
  <testcase classname="testNGFlags.Flag3" name="method1" time="0.000"/>
  <system-out>
    <![CDATA[Login Test Case!!]]>
  </system-out>
  <testcase classname="testNGFlags.Flag3" name="method1" time="0.001"/>
  <system-out>
    <![CDATA[Login Test Case!!]]>
  </system-out>
  <testcase classname="testNGFlags.Flag3" name="method1" time="0.001"/>
  <system-out>
    <![CDATA[Login Test Case!!]]>
  </system-out>
  <testcase classname="testNGFlags.Flag3" name="method1" time="0.000"/>
  <system-out>
    <![CDATA[Login Test Case!!]]>
  </system-out>
  <testcase classname="testNGFlags.Flag3" name="method1" time="0.000"/>
  <system-out>
    <![CDATA[Login Test Case!!]]>
  </system-out>
  <testcase classname="testNGFlags.Flag3" name="method1" time="0.001"/>
  <system-out>
    <![CDATA[Login Test Case!!]]>
  </system-out>
  <testcase classname="testNGFlags.Flag3" name="method1" time="0.000"/>
  <system-out>
    <![CDATA[Login Test Case!!]]>
  </system-out>
  <testcase classname="testNGFlags.Flag3" name="method1" time="0.000"/>
  <system-out>
    <![CDATA[Login Test Case!!]]>
  </system-out>
  <testcase classname="testNGFlags.Flag3" name="method1" time="0.000"/>
  <system-out>
    <![CDATA[Login Test Case!!]]>
  </system-out>
  <testcase classname="testNGFlags.Flag3" name="method1" time="0.000"/>
  <system-out>
    <![CDATA[Login Test Case!!]]>
  </system-out>
  <testcase classname="testNGFlags.Flag3" name="method1" time="0.001"/>
  <system-out>
    <![CDATA[Login Test Case!!]]>
  </system-out>
  <testcase classname="testNGFlags.Flag3" name="method1" time="0.001"/>
  <system-out>
    <![CDATA[Login Test Case!!]]>
  </system-out>
  <testcase classname="testNGFlags.Flag3" name="method1" time="0.001"/>
  <system-out>
    <![CDATA[Login Test Case!!]]>
  </system-out>
  <testcase classname="testNGFlags.Flag3" name="method1" time="0.001"/>
  <system-out>
    <![CDATA[Login Test Case!!]]>
  </system-out>
  <testcase classname="testNGFlags.Flag3" name="method1" time="0.000"/>
  <system-out>
    <![CDATA[Login Test Case!!]]>
  </system-out>
  <testcase classname="testNGFlags.Flag3" name="method1" time="0.000"/>
  <system-out>
    <![CDATA[Login Test Case!!]]>
  </system-out>
  <testcase classname="testNGFlags.Flag3" name="method1" time="0.002"/>
  <system-out>
    <![CDATA[Login Test Case!!]]>
  </system-out>
  <testcase classname="testNGFlags.Flag3" name="method1" time="0.000"/>
  <system-out>
    <![CDATA[Login Test Case!!]]>
  </system-out>
  <testcase classname="testNGFlags.Flag3" name="method1" time="0.001"/>
  <system-out>
    <![CDATA[Login Test Case!!]]>
  </system-out>
  <testcase classname="testNGFlags.Flag3" name="method1" time="0.000"/>
  <system-out>
    <![CDATA[Login Test Case!!]]>
  </system-out>
  <testcase classname="testNGFlags.Flag3" name="method1" time="0.001"/>
  <system-out>
    <![CDATA[Login Test Case!!]]>
  </system-out>
  <testcase classname="testNGFlags.Flag3" name="method1" time="0.000"/>
  <system-out>
    <![CDATA[Login Test Case!!]]>
  </system-out>
  <testcase classname="testNGFlags.Flag3" name="method1" time="0.000"/>
  <system-out>
    <![CDATA[Login Test Case!!]]>
  </system-out>
  <testcase classname="testNGFlags.Flag3" name="method1" time="0.001"/>
  <system-out>
    <![CDATA[Login Test Case!!]]>
  </system-out>
  <testcase classname="testNGFlags.Flag3" name="method1" time="0.000"/>
  <system-out>
    <![CDATA[Login Test Case!!]]>
  </system-out>
  <testcase classname="testNGFlags.Flag3" name="method1" time="0.001"/>
  <system-out>
    <![CDATA[Login Test Case!!]]>
  </system-out>
  <testcase classname="testNGFlags.Flag3" name="method1" time="0.001"/>
  <system-out>
    <![CDATA[Login Test Case!!]]>
  </system-out>
  <testcase classname="testNGFlags.Flag3" name="method1" time="0.000"/>
  <system-out>
    <![CDATA[Login Test Case!!]]>
  </system-out>
  <testcase classname="testNGFlags.Flag3" name="method1" time="0.000"/>
  <system-out>
    <![CDATA[Login Test Case!!]]>
  </system-out>
  <testcase classname="testNGFlags.Flag3" name="method1" time="0.000"/>
  <system-out>
    <![CDATA[Login Test Case!!]]>
  </system-out>
  <testcase classname="testNGFlags.Flag3" name="method1" time="0.000"/>
  <system-out>
    <![CDATA[Login Test Case!!]]>
  </system-out>
  <testcase classname="testNGFlags.Flag3" name="method1" time="0.001"/>
  <system-out>
    <![CDATA[Login Test Case!!]]>
  </system-out>
  <testcase classname="testNGFlags.Flag3" name="method1" time="0.000"/>
  <system-out>
    <![CDATA[Login Test Case!!]]>
  </system-out>
  <testcase classname="testNGFlags.Flag3" name="method1" time="0.000"/>
  <system-out>
    <![CDATA[Login Test Case!!]]>
  </system-out>
  <testcase classname="testNGFlags.Flag3" name="method1" time="0.001"/>
  <system-out>
    <![CDATA[Login Test Case!!]]>
  </system-out>
  <testcase classname="testNGFlags.Flag3" name="method1" time="0.001"/>
  <system-out>
    <![CDATA[Login Test Case!!]]>
  </system-out>
  <testcase classname="testNGFlags.Flag3" name="method1" time="0.000"/>
  <system-out>
    <![CDATA[Login Test Case!!]]>
  </system-out>
  <testcase classname="testNGFlags.Flag3" name="method1" time="0.001"/>
  <system-out>
    <![CDATA[Login Test Case!!]]>
  </system-out>
  <testcase classname="testNGFlags.Flag3" name="method1" time="0.000"/>
  <system-out>
    <![CDATA[Login Test Case!!]]>
  </system-out>
  <testcase classname="testNGFlags.Flag3" name="method1" time="0.000"/>
  <system-out>
    <![CDATA[Login Test Case!!]]>
  </system-out>
  <testcase classname="testNGFlags.Flag3" name="method1" time="0.000"/>
  <system-out>
    <![CDATA[Login Test Case!!]]>
  </system-out>
  <testcase classname="testNGFlags.Flag3" name="method1" time="0.000"/>
  <system-out>
    <![CDATA[Login Test Case!!]]>
  </system-out>
  <testcase classname="testNGFlags.Flag3" name="method1" time="0.000"/>
  <system-out>
    <![CDATA[Login Test Case!!]]>
  </system-out>
  <testcase classname="testNGFlags.Flag3" name="method1" time="0.000"/>
  <system-out>
    <![CDATA[Login Test Case!!]]>
  </system-out>
  <testcase classname="testNGFlags.Flag3" name="method1" time="0.001"/>
  <system-out>
    <![CDATA[Login Test Case!!]]>
  </system-out>
  <testcase classname="testNGFlags.Flag3" name="method1" time="0.001"/>
  <system-out>
    <![CDATA[Login Test Case!!]]>
  </system-out>
  <testcase classname="testNGFlags.Flag3" name="method1" time="0.000"/>
  <system-out>
    <![CDATA[Login Test Case!!]]>
  </system-out>
  <testcase classname="testNGFlags.Flag3" name="method1" time="0.000"/>
  <system-out>
    <![CDATA[Login Test Case!!]]>
  </system-out>
  <testcase classname="testNGFlags.Flag3" name="method1" time="0.000"/>
  <system-out>
    <![CDATA[Login Test Case!!]]>
  </system-out>
  <testcase classname="testNGFlags.Flag3" name="method1" time="0.000"/>
  <system-out>
    <![CDATA[Login Test Case!!]]>
  </system-out>
  <testcase classname="testNGFlags.Flag3" name="method1" time="0.001"/>
  <system-out>
    <![CDATA[Login Test Case!!]]>
  </system-out>
  <testcase classname="testNGFlags.Flag3" name="method1" time="0.001"/>
  <system-out>
    <![CDATA[Login Test Case!!]]>
  </system-out>
  <testcase classname="testNGFlags.Flag3" name="method1" time="0.000"/>
  <system-out>
    <![CDATA[Login Test Case!!]]>
  </system-out>
  <testcase classname="testNGFlags.Flag3" name="method1" time="0.000"/>
  <system-out>
    <![CDATA[Login Test Case!!]]>
  </system-out>
  <testcase classname="testNGFlags.Flag3" name="method1" time="0.000"/>
  <system-out>
    <![CDATA[Login Test Case!!]]>
  </system-out>
  <testcase classname="testNGFlags.Flag3" name="method1" time="0.000"/>
  <system-out>
    <![CDATA[Login Test Case!!]]>
  </system-out>
  <testcase classname="testNGFlags.Flag3" name="method1" time="0.001"/>
  <system-out>
    <![CDATA[Login Test Case!!]]>
  </system-out>
  <testcase classname="testNGFlags.Flag3" name="method1" time="0.000"/>
  <system-out>
    <![CDATA[Login Test Case!!]]>
  </system-out>
  <testcase classname="testNGFlags.Flag3" name="method1" time="0.001"/>
  <system-out>
    <![CDATA[Login Test Case!!]]>
  </system-out>
  <testcase classname="testNGFlags.Flag3" name="method1" time="0.000"/>
  <system-out>
    <![CDATA[Login Test Case!!]]>
  </system-out>
  <testcase classname="testNGFlags.Flag3" name="method1" time="0.001"/>
  <system-out>
    <![CDATA[Login Test Case!!]]>
  </system-out>
  <testcase classname="testNGFlags.Flag3" name="method1" time="0.001"/>
  <system-out>
    <![CDATA[Login Test Case!!]]>
  </system-out>
  <testcase classname="testNGFlags.Flag3" name="method1" time="0.002"/>
  <system-out>
    <![CDATA[Login Test Case!!]]>
  </system-out>
  <testcase classname="testNGFlags.Flag3" name="method1" time="0.000"/>
  <system-out>
    <![CDATA[Login Test Case!!]]>
  </system-out>
  <testcase classname="testNGFlags.Flag3" name="method1" time="0.001"/>
  <system-out>
    <![CDATA[Login Test Case!!]]>
  </system-out>
  <testcase classname="testNGFlags.Flag3" name="method1" time="0.000"/>
  <system-out>
    <![CDATA[Login Test Case!!]]>
  </system-out>
  <testcase classname="testNGFlags.Flag3" name="method1" time="0.000"/>
  <system-out>
    <![CDATA[Login Test Case!!]]>
  </system-out>
  <testcase classname="testNGFlags.Flag3" name="method1" time="0.000"/>
  <system-out>
    <![CDATA[Login Test Case!!]]>
  </system-out>
  <testcase classname="testNGFlags.Flag3" name="method1" time="0.001"/>
  <system-out>
    <![CDATA[Login Test Case!!]]>
  </system-out>
  <testcase classname="testNGFlags.Flag3" name="method1" time="0.001"/>
  <system-out>
    <![CDATA[Login Test Case!!]]>
  </system-out>
  <testcase classname="testNGFlags.Flag3" name="method1" time="0.000"/>
  <system-out>
    <![CDATA[Login Test Case!!]]>
  </system-out>
  <testcase classname="testNGFlags.Flag3" name="method1" time="0.001"/>
  <system-out>
    <![CDATA[Login Test Case!!]]>
  </system-out>
  <testcase classname="testNGFlags.Flag3" name="method1" time="0.000"/>
  <system-out>
    <![CDATA[Login Test Case!!]]>
  </system-out>
  <testcase classname="testNGFlags.Flag3" name="method1" time="0.000"/>
  <system-out>
    <![CDATA[Login Test Case!!]]>
  </system-out>
  <testcase classname="testNGFlags.Flag3" name="method1" time="0.000"/>
  <system-out>
    <![CDATA[Login Test Case!!]]>
  </system-out>
  <testcase classname="testNGFlags.Flag3" name="method1" time="0.000"/>
  <system-out>
    <![CDATA[Login Test Case!!]]>
  </system-out>
  <testcase classname="testNGFlags.Flag3" name="method1" time="0.000"/>
  <system-out>
    <![CDATA[Login Test Case!!]]>
  </system-out>
  <testcase classname="testNGFlags.Flag3" name="method1" time="0.001"/>
  <system-out>
    <![CDATA[Login Test Case!!]]>
  </system-out>
  <testcase classname="testNGFlags.Flag3" name="method1" time="0.001"/>
  <system-out>
    <![CDATA[Login Test Case!!]]>
  </system-out>
  <testcase classname="testNGFlags.Flag3" name="method1" time="0.000"/>
  <system-out>
    <![CDATA[Login Test Case!!]]>
  </system-out>
  <testcase classname="testNGFlags.Flag3" name="method1" time="0.001"/>
  <system-out>
    <![CDATA[Login Test Case!!]]>
  </system-out>
  <testcase classname="testNGFlags.Flag3" name="method1" time="0.001"/>
  <system-out>
    <![CDATA[Login Test Case!!]]>
  </system-out>
  <testcase classname="testNGFlags.Flag3" name="method1" time="0.001"/>
  <system-out>
    <![CDATA[Login Test Case!!]]>
  </system-out>
  <testcase classname="testNGFlags.Flag3" name="method1" time="0.001"/>
  <system-out>
    <![CDATA[Login Test Case!!]]>
  </system-out>
  <testcase classname="testNGFlags.Flag3" name="method1" time="0.000"/>
  <system-out>
    <![CDATA[Login Test Case!!]]>
  </system-out>
  <testcase classname="testNGFlags.Flag3" name="method1" time="0.000"/>
  <system-out>
    <![CDATA[Login Test Case!!]]>
  </system-out>
  <testcase classname="testNGFlags.Flag3" name="method1" time="0.000"/>
  <system-out>
    <![CDATA[Login Test Case!!]]>
  </system-out>
  <testcase classname="testNGFlags.Flag3" name="method1" time="0.000"/>
  <system-out>
    <![CDATA[Login Test Case!!]]>
  </system-out>
  <testcase classname="testNGFlags.Flag3" name="method1" time="0.002"/>
  <system-out>
    <![CDATA[Login Test Case!!]]>
  </system-out>
  <testcase classname="testNGFlags.Flag3" name="method1" time="0.000"/>
  <system-out>
    <![CDATA[Login Test Case!!]]>
  </system-out>
  <testcase classname="testNGFlags.Flag3" name="method1" time="0.000"/>
  <system-out>
    <![CDATA[Login Test Case!!]]>
  </system-out>
  <testcase classname="testNGFlags.Flag3" name="method1" time="0.000"/>
  <system-out>
    <![CDATA[Login Test Case!!]]>
  </system-out>
  <testcase classname="testNGFlags.Flag3" name="method1" time="0.001"/>
  <system-out>
    <![CDATA[Login Test Case!!]]>
  </system-out>
  <testcase classname="testNGFlags.Flag3" name="method1" time="0.000"/>
  <system-out>
    <![CDATA[Login Test Case!!]]>
  </system-out>
  <testcase classname="testNGFlags.Flag3" name="method1" time="0.001"/>
  <system-out>
    <![CDATA[Login Test Case!!]]>
  </system-out>
  <testcase classname="testNGFlags.Flag3" name="method1" time="0.001"/>
  <system-out>
    <![CDATA[Login Test Case!!]]>
  </system-out>
  <testcase classname="testNGFlags.Flag3" name="method1" time="0.000"/>
  <system-out>
    <![CDATA[Login Test Case!!]]>
  </system-out>
  <testcase classname="testNGFlags.Flag3" name="method1" time="0.001"/>
  <system-out>
    <![CDATA[Login Test Case!!]]>
  </system-out>
  <testcase classname="testNGFlags.Flag3" name="method1" time="0.000"/>
  <system-out>
    <![CDATA[Login Test Case!!]]>
  </system-out>
  <testcase classname="testNGFlags.Flag3" name="method1" time="0.001"/>
  <system-out>
    <![CDATA[Login Test Case!!]]>
  </system-out>
  <testcase classname="testNGFlags.Flag3" name="method1" time="0.000"/>
  <system-out>
    <![CDATA[Login Test Case!!]]>
  </system-out>
  <testcase classname="testNGFlags.Flag3" name="method1" time="0.000"/>
  <system-out>
    <![CDATA[Login Test Case!!]]>
  </system-out>
  <testcase classname="testNGFlags.Flag3" name="method1" time="0.000"/>
  <system-out>
    <![CDATA[Login Test Case!!]]>
  </system-out>
  <testcase classname="testNGFlags.Flag3" name="method1" time="0.000"/>
  <system-out>
    <![CDATA[Login Test Case!!]]>
  </system-out>
  <testcase classname="testNGFlags.Flag3" name="method1" time="0.001"/>
  <system-out>
    <![CDATA[Login Test Case!!]]>
  </system-out>
  <testcase classname="testNGFlags.Flag3" name="method1" time="0.000"/>
  <system-out>
    <![CDATA[Login Test Case!!]]>
  </system-out>
  <testcase classname="testNGFlags.Flag3" name="method1" time="0.002"/>
  <system-out>
    <![CDATA[Login Test Case!!]]>
  </system-out>
  <testcase classname="testNGFlags.Flag3" name="method1" time="0.000"/>
  <system-out>
    <![CDATA[Login Test Case!!]]>
  </system-out>
  <testcase classname="testNGFlags.Flag3" name="method1" time="0.000"/>
  <system-out>
    <![CDATA[Login Test Case!!]]>
  </system-out>
  <testcase classname="testNGFlags.Flag3" name="method1" time="0.001"/>
  <system-out>
    <![CDATA[Login Test Case!!]]>
  </system-out>
  <testcase classname="testNGFlags.Flag3" name="method1" time="0.000"/>
  <system-out>
    <![CDATA[Login Test Case!!]]>
  </system-out>
  <testcase classname="testNGFlags.Flag3" name="method1" time="0.000"/>
  <system-out>
    <![CDATA[Login Test Case!!]]>
  </system-out>
  <testcase classname="testNGFlags.Flag3" name="method1" time="0.000"/>
  <system-out>
    <![CDATA[Login Test Case!!]]>
  </system-out>
  <testcase classname="testNGFlags.Flag3" name="method1" time="0.000"/>
  <system-out>
    <![CDATA[Login Test Case!!]]>
  </system-out>
  <testcase classname="testNGFlags.Flag3" name="method1" time="0.000"/>
  <system-out>
    <![CDATA[Login Test Case!!]]>
  </system-out>
  <testcase classname="testNGFlags.Flag3" name="method1" time="0.001"/>
  <system-out>
    <![CDATA[Login Test Case!!]]>
  </system-out>
  <testcase classname="testNGFlags.Flag3" name="method1" time="0.000"/>
  <system-out>
    <![CDATA[Login Test Case!!]]>
  </system-out>
  <testcase classname="testNGFlags.Flag3" name="method1" time="0.001"/>
  <system-out>
    <![CDATA[Login Test Case!!]]>
  </system-out>
  <testcase classname="testNGFlags.Flag3" name="method1" time="0.001"/>
  <system-out>
    <![CDATA[Login Test Case!!]]>
  </system-out>
  <testcase classname="testNGFlags.Flag3" name="method1" time="0.000"/>
  <system-out>
    <![CDATA[Login Test Case!!]]>
  </system-out>
  <testcase classname="testNGFlags.Flag3" name="method1" time="0.000"/>
  <system-out>
    <![CDATA[Login Test Case!!]]>
  </system-out>
  <testcase classname="testNGFlags.Flag3" name="method1" time="0.000"/>
  <system-out>
    <![CDATA[Login Test Case!!]]>
  </system-out>
  <testcase classname="testNGFlags.Flag3" name="method1" time="0.001"/>
  <system-out>
    <![CDATA[Login Test Case!!]]>
  </system-out>
  <testcase classname="testNGFlags.Flag3" name="method1" time="0.000"/>
  <system-out>
    <![CDATA[Login Test Case!!]]>
  </system-out>
  <testcase classname="testNGFlags.Flag3" name="method1" time="0.000"/>
  <system-out>
    <![CDATA[Login Test Case!!]]>
  </system-out>
  <testcase classname="testNGFlags.Flag3" name="method1" time="0.000"/>
  <system-out>
    <![CDATA[Login Test Case!!]]>
  </system-out>
  <testcase classname="testNGFlags.Flag3" name="method1" time="0.001"/>
  <system-out>
    <![CDATA[Login Test Case!!]]>
  </system-out>
  <testcase classname="testNGFlags.Flag3" name="method1" time="0.001"/>
  <system-out>
    <![CDATA[Login Test Case!!]]>
  </system-out>
  <testcase classname="testNGFlags.Flag3" name="method1" time="0.000"/>
  <system-out>
    <![CDATA[Login Test Case!!]]>
  </system-out>
  <testcase classname="testNGFlags.Flag3" name="method1" time="0.000"/>
  <system-out>
    <![CDATA[Login Test Case!!]]>
  </system-out>
  <testcase classname="testNGFlags.Flag3" name="method1" time="0.001"/>
  <system-out>
    <![CDATA[Login Test Case!!]]>
  </system-out>
  <testcase classname="testNGFlags.Flag3" name="method1" time="0.001"/>
  <system-out>
    <![CDATA[Login Test Case!!]]>
  </system-out>
  <testcase classname="testNGFlags.Flag3" name="method1" time="0.001"/>
  <system-out>
    <![CDATA[Login Test Case!!]]>
  </system-out>
  <testcase classname="testNGFlags.Flag3" name="method1" time="0.000"/>
  <system-out>
    <![CDATA[Login Test Case!!]]>
  </system-out>
  <testcase classname="testNGFlags.Flag3" name="method1" time="0.001"/>
  <system-out>
    <![CDATA[Login Test Case!!]]>
  </system-out>
  <testcase classname="testNGFlags.Flag3" name="method1" time="0.000"/>
  <system-out>
    <![CDATA[Login Test Case!!]]>
  </system-out>
  <testcase classname="testNGFlags.Flag3" name="method1" time="0.001"/>
  <system-out>
    <![CDATA[Login Test Case!!]]>
  </system-out>
  <testcase classname="testNGFlags.Flag3" name="method1" time="0.001"/>
  <system-out>
    <![CDATA[Login Test Case!!]]>
  </system-out>
  <testcase classname="testNGFlags.Flag3" name="method1" time="0.000"/>
  <system-out>
    <![CDATA[Login Test Case!!]]>
  </system-out>
  <testcase classname="testNGFlags.Flag3" name="method1" time="0.000"/>
  <system-out>
    <![CDATA[Login Test Case!!]]>
  </system-out>
  <testcase classname="testNGFlags.Flag3" name="method1" time="0.000"/>
  <system-out>
    <![CDATA[Login Test Case!!]]>
  </system-out>
  <testcase classname="testNGFlags.Flag3" name="method1" time="0.001"/>
  <system-out>
    <![CDATA[Login Test Case!!]]>
  </system-out>
  <testcase classname="testNGFlags.Flag3" name="method1" time="0.000"/>
  <system-out>
    <![CDATA[Login Test Case!!]]>
  </system-out>
  <testcase classname="testNGFlags.Flag3" name="method1" time="0.000"/>
  <system-out>
    <![CDATA[Login Test Case!!]]>
  </system-out>
  <testcase classname="testNGFlags.Flag3" name="method1" time="0.001"/>
  <system-out>
    <![CDATA[Login Test Case!!]]>
  </system-out>
  <testcase classname="testNGFlags.Flag3" name="method1" time="0.000"/>
  <system-out>
    <![CDATA[Login Test Case!!]]>
  </system-out>
  <testcase classname="testNGFlags.Flag3" name="method1" time="0.000"/>
  <system-out>
    <![CDATA[Login Test Case!!]]>
  </system-out>
  <testcase classname="testNGFlags.Flag3" name="method1" time="0.000"/>
  <system-out>
    <![CDATA[Login Test Case!!]]>
  </system-out>
  <testcase classname="testNGFlags.Flag3" name="method1" time="0.001"/>
  <system-out>
    <![CDATA[Login Test Case!!]]>
  </system-out>
  <testcase classname="testNGFlags.Flag3" name="method1" time="0.001"/>
  <system-out>
    <![CDATA[Login Test Case!!]]>
  </system-out>
  <testcase classname="testNGFlags.Flag3" name="method1" time="0.001"/>
  <system-out>
    <![CDATA[Login Test Case!!]]>
  </system-out>
  <testcase classname="testNGFlags.Flag3" name="method1" time="0.001"/>
  <system-out>
    <![CDATA[Login Test Case!!]]>
  </system-out>
  <testcase classname="testNGFlags.Flag3" name="method1" time="0.002"/>
  <system-out>
    <![CDATA[Login Test Case!!]]>
  </system-out>
  <testcase classname="testNGFlags.Flag3" name="method1" time="0.002"/>
  <system-out>
    <![CDATA[Login Test Case!!]]>
  </system-out>
  <testcase classname="testNGFlags.Flag3" name="method1" time="0.001"/>
  <system-out>
    <![CDATA[Login Test Case!!]]>
  </system-out>
  <testcase classname="testNGFlags.Flag3" name="method1" time="0.000"/>
  <system-out>
    <![CDATA[Login Test Case!!]]>
  </system-out>
  <testcase classname="testNGFlags.Flag3" name="method1" time="0.001"/>
  <system-out>
    <![CDATA[Login Test Case!!]]>
  </system-out>
  <testcase classname="testNGFlags.Flag3" name="method1" time="0.001"/>
  <system-out>
    <![CDATA[Login Test Case!!]]>
  </system-out>
  <testcase classname="testNGFlags.Flag3" name="method1" time="0.001"/>
  <system-out>
    <![CDATA[Login Test Case!!]]>
  </system-out>
  <testcase classname="testNGFlags.Flag3" name="method1" time="0.001"/>
  <system-out>
    <![CDATA[Login Test Case!!]]>
  </system-out>
  <testcase classname="testNGFlags.Flag3" name="method1" time="0.000"/>
  <system-out>
    <![CDATA[Login Test Case!!]]>
  </system-out>
  <testcase classname="testNGFlags.Flag3" name="method1" time="0.000"/>
  <system-out>
    <![CDATA[Login Test Case!!]]>
  </system-out>
  <testcase classname="testNGFlags.Flag3" name="method1" time="0.001"/>
  <system-out>
    <![CDATA[Login Test Case!!]]>
  </system-out>
  <testcase classname="testNGFlags.Flag3" name="method1" time="0.001"/>
  <system-out>
    <![CDATA[Login Test Case!!]]>
  </system-out>
  <testcase classname="testNGFlags.Flag3" name="method1" time="0.000"/>
  <system-out>
    <![CDATA[Login Test Case!!]]>
  </system-out>
  <testcase classname="testNGFlags.Flag3" name="method1" time="0.000"/>
  <system-out>
    <![CDATA[Login Test Case!!]]>
  </system-out>
  <testcase classname="testNGFlags.Flag3" name="method1" time="0.001"/>
  <system-out>
    <![CDATA[Login Test Case!!]]>
  </system-out>
  <testcase classname="testNGFlags.Flag3" name="method1" time="0.000"/>
  <system-out>
    <![CDATA[Login Test Case!!]]>
  </system-out>
  <testcase classname="testNGFlags.Flag3" name="method1" time="0.001"/>
  <system-out>
    <![CDATA[Login Test Case!!]]>
  </system-out>
  <testcase classname="testNGFlags.Flag3" name="method1" time="0.001"/>
  <system-out>
    <![CDATA[Login Test Case!!]]>
  </system-out>
  <testcase classname="testNGFlags.Flag3" name="method1" time="0.001"/>
  <system-out>
    <![CDATA[Login Test Case!!]]>
  </system-out>
  <testcase classname="testNGFlags.Flag3" name="method1" time="0.001"/>
  <system-out>
    <![CDATA[Login Test Case!!]]>
  </system-out>
  <testcase classname="testNGFlags.Flag3" name="method1" time="0.000"/>
  <system-out>
    <![CDATA[Login Test Case!!]]>
  </system-out>
  <testcase classname="testNGFlags.Flag3" name="method1" time="0.001"/>
  <system-out>
    <![CDATA[Login Test Case!!]]>
  </system-out>
  <testcase classname="testNGFlags.Flag3" name="method1" time="0.001"/>
  <system-out>
    <![CDATA[Login Test Case!!]]>
  </system-out>
  <testcase classname="testNGFlags.Flag3" name="method1" time="0.001"/>
  <system-out>
    <![CDATA[Login Test Case!!]]>
  </system-out>
  <testcase classname="testNGFlags.Flag3" name="method1" time="0.001"/>
  <system-out>
    <![CDATA[Login Test Case!!]]>
  </system-out>
  <testcase classname="testNGFlags.Flag3" name="method1" time="0.001"/>
  <system-out>
    <![CDATA[Login Test Case!!]]>
  </system-out>
  <testcase classname="testNGFlags.Flag3" name="method1" time="0.000"/>
  <system-out>
    <![CDATA[Login Test Case!!]]>
  </system-out>
  <testcase classname="testNGFlags.Flag3" name="method1" time="0.000"/>
  <system-out>
    <![CDATA[Login Test Case!!]]>
  </system-out>
  <testcase classname="testNGFlags.Flag3" name="method1" time="0.000"/>
  <system-out>
    <![CDATA[Login Test Case!!]]>
  </system-out>
  <testcase classname="testNGFlags.Flag3" name="method1" time="0.000"/>
  <system-out>
    <![CDATA[Login Test Case!!]]>
  </system-out>
  <testcase classname="testNGFlags.Flag3" name="method1" time="0.001"/>
  <system-out>
    <![CDATA[Login Test Case!!]]>
  </system-out>
  <testcase classname="testNGFlags.Flag3" name="method1" time="0.000"/>
  <system-out>
    <![CDATA[Login Test Case!!]]>
  </system-out>
  <testcase classname="testNGFlags.Flag3" name="method1" time="0.001"/>
  <system-out>
    <![CDATA[Login Test Case!!]]>
  </system-out>
  <testcase classname="testNGFlags.Flag3" name="method1" time="0.000"/>
  <system-out>
    <![CDATA[Login Test Case!!]]>
  </system-out>
  <testcase classname="testNGFlags.Flag3" name="method1" time="0.001"/>
  <system-out>
    <![CDATA[Login Test Case!!]]>
  </system-out>
  <testcase classname="testNGFlags.Flag3" name="method1" time="0.000"/>
  <system-out>
    <![CDATA[Login Test Case!!]]>
  </system-out>
  <testcase classname="testNGFlags.Flag3" name="method1" time="0.001"/>
  <system-out>
    <![CDATA[Login Test Case!!]]>
  </system-out>
  <testcase classname="testNGFlags.Flag3" name="method1" time="0.001"/>
  <system-out>
    <![CDATA[Login Test Case!!]]>
  </system-out>
  <testcase classname="testNGFlags.Flag3" name="method1" time="0.000"/>
  <system-out>
    <![CDATA[Login Test Case!!]]>
  </system-out>
  <testcase classname="testNGFlags.Flag3" name="method1" time="0.000"/>
  <system-out>
    <![CDATA[Login Test Case!!]]>
  </system-out>
  <testcase classname="testNGFlags.Flag3" name="method1" time="0.000"/>
  <system-out>
    <![CDATA[Login Test Case!!]]>
  </system-out>
  <testcase classname="testNGFlags.Flag3" name="method1" time="0.000"/>
  <system-out>
    <![CDATA[Login Test Case!!]]>
  </system-out>
  <testcase classname="testNGFlags.Flag3" name="method1" time="0.001"/>
  <system-out>
    <![CDATA[Login Test Case!!]]>
  </system-out>
  <testcase classname="testNGFlags.Flag3" name="method1" time="0.001"/>
  <system-out>
    <![CDATA[Login Test Case!!]]>
  </system-out>
  <testcase classname="testNGFlags.Flag3" name="method1" time="0.001"/>
  <system-out>
    <![CDATA[Login Test Case!!]]>
  </system-out>
  <testcase classname="testNGFlags.Flag3" name="method1" time="0.001"/>
  <system-out>
    <![CDATA[Login Test Case!!]]>
  </system-out>
  <testcase classname="testNGFlags.Flag3" name="method1" time="0.001"/>
  <system-out>
    <![CDATA[Login Test Case!!]]>
  </system-out>
  <testcase classname="testNGFlags.Flag3" name="method1" time="0.000"/>
  <system-out>
    <![CDATA[Login Test Case!!]]>
  </system-out>
  <testcase classname="testNGFlags.Flag3" name="method1" time="0.001"/>
  <system-out>
    <![CDATA[Login Test Case!!]]>
  </system-out>
  <testcase classname="testNGFlags.Flag3" name="method1" time="0.000"/>
  <system-out>
    <![CDATA[Login Test Case!!]]>
  </system-out>
  <testcase classname="testNGFlags.Flag3" name="method1" time="0.000"/>
  <system-out>
    <![CDATA[Login Test Case!!]]>
  </system-out>
  <testcase classname="testNGFlags.Flag3" name="method1" time="0.000"/>
  <system-out>
    <![CDATA[Login Test Case!!]]>
  </system-out>
  <testcase classname="testNGFlags.Flag3" name="method1" time="0.000"/>
  <system-out>
    <![CDATA[Login Test Case!!]]>
  </system-out>
  <testcase classname="testNGFlags.Flag3" name="method1" time="0.000"/>
  <system-out>
    <![CDATA[Login Test Case!!]]>
  </system-out>
  <testcase classname="testNGFlags.Flag3" name="method1" time="0.000"/>
  <system-out>
    <![CDATA[Login Test Case!!]]>
  </system-out>
  <testcase classname="testNGFlags.Flag3" name="method1" time="0.000"/>
  <system-out>
    <![CDATA[Login Test Case!!]]>
  </system-out>
  <testcase classname="testNGFlags.Flag3" name="method1" time="0.000"/>
  <system-out>
    <![CDATA[Login Test Case!!]]>
  </system-out>
  <testcase classname="testNGFlags.Flag3" name="method1" time="0.001"/>
  <system-out>
    <![CDATA[Login Test Case!!]]>
  </system-out>
  <testcase classname="testNGFlags.Flag3" name="method1" time="0.001"/>
  <system-out>
    <![CDATA[Login Test Case!!]]>
  </system-out>
  <testcase classname="testNGFlags.Flag3" name="method1" time="0.000"/>
  <system-out>
    <![CDATA[Login Test Case!!]]>
  </system-out>
  <testcase classname="testNGFlags.Flag3" name="method1" time="0.000"/>
  <system-out>
    <![CDATA[Login Test Case!!]]>
  </system-out>
  <testcase classname="testNGFlags.Flag3" name="method1" time="0.001"/>
  <system-out>
    <![CDATA[Login Test Case!!]]>
  </system-out>
  <testcase classname="testNGFlags.Flag3" name="method1" time="0.001"/>
  <system-out>
    <![CDATA[Login Test Case!!]]>
  </system-out>
  <testcase classname="testNGFlags.Flag3" name="method1" time="0.000"/>
  <system-out>
    <![CDATA[Login Test Case!!]]>
  </system-out>
  <testcase classname="testNGFlags.Flag3" name="method1" time="0.001"/>
  <system-out>
    <![CDATA[Login Test Case!!]]>
  </system-out>
  <testcase classname="testNGFlags.Flag3" name="method1" time="0.001"/>
  <system-out>
    <![CDATA[Login Test Case!!]]>
  </system-out>
  <testcase classname="testNGFlags.Flag3" name="method1" time="0.001"/>
  <system-out>
    <![CDATA[Login Test Case!!]]>
  </system-out>
  <testcase classname="testNGFlags.Flag3" name="method1" time="0.000"/>
  <system-out>
    <![CDATA[Login Test Case!!]]>
  </system-out>
  <testcase classname="testNGFlags.Flag3" name="method1" time="0.000"/>
  <system-out>
    <![CDATA[Login Test Case!!]]>
  </system-out>
  <testcase classname="testNGFlags.Flag3" name="method1" time="0.001"/>
  <system-out>
    <![CDATA[Login Test Case!!]]>
  </system-out>
  <testcase classname="testNGFlags.Flag3" name="method1" time="0.001"/>
  <system-out>
    <![CDATA[Login Test Case!!]]>
  </system-out>
  <testcase classname="testNGFlags.Flag3" name="method1" time="0.000"/>
  <system-out>
    <![CDATA[Login Test Case!!]]>
  </system-out>
  <testcase classname="testNGFlags.Flag3" name="method1" time="0.001"/>
  <system-out>
    <![CDATA[Login Test Case!!]]>
  </system-out>
  <testcase classname="testNGFlags.Flag3" name="method1" time="0.000"/>
  <system-out>
    <![CDATA[Login Test Case!!]]>
  </system-out>
  <testcase classname="testNGFlags.Flag3" name="method1" time="0.001"/>
  <system-out>
    <![CDATA[Login Test Case!!]]>
  </system-out>
  <testcase classname="testNGFlags.Flag3" name="method1" time="0.001"/>
  <system-out>
    <![CDATA[Login Test Case!!]]>
  </system-out>
  <testcase classname="testNGFlags.Flag3" name="method1" time="0.001"/>
  <system-out>
    <![CDATA[Login Test Case!!]]>
  </system-out>
  <testcase classname="testNGFlags.Flag3" name="method1" time="0.000"/>
  <system-out>
    <![CDATA[Login Test Case!!]]>
  </system-out>
  <testcase classname="testNGFlags.Flag3" name="method1" time="0.001"/>
  <system-out>
    <![CDATA[Login Test Case!!]]>
  </system-out>
  <testcase classname="testNGFlags.Flag3" name="method1" time="0.003"/>
  <system-out>
    <![CDATA[Login Test Case!!]]>
  </system-out>
  <testcase classname="testNGFlags.Flag3" name="method1" time="0.000"/>
  <system-out>
    <![CDATA[Login Test Case!!]]>
  </system-out>
  <testcase classname="testNGFlags.Flag3" name="method1" time="0.000"/>
  <system-out>
    <![CDATA[Login Test Case!!]]>
  </system-out>
  <testcase classname="testNGFlags.Flag3" name="method1" time="0.000"/>
  <system-out>
    <![CDATA[Login Test Case!!]]>
  </system-out>
  <testcase classname="testNGFlags.Flag3" name="method1" time="0.000"/>
  <system-out>
    <![CDATA[Login Test Case!!]]>
  </system-out>
  <testcase classname="testNGFlags.Flag3" name="method1" time="0.000"/>
  <system-out>
    <![CDATA[Login Test Case!!]]>
  </system-out>
  <testcase classname="testNGFlags.Flag3" name="method1" time="0.001"/>
  <system-out>
    <![CDATA[Login Test Case!!]]>
  </system-out>
  <testcase classname="testNGFlags.Flag3" name="method1" time="0.000"/>
  <system-out>
    <![CDATA[Login Test Case!!]]>
  </system-out>
  <testcase classname="testNGFlags.Flag3" name="method1" time="0.000"/>
  <system-out>
    <![CDATA[Login Test Case!!]]>
  </system-out>
  <testcase classname="testNGFlags.Flag3" name="method1" time="0.001"/>
  <system-out>
    <![CDATA[Login Test Case!!]]>
  </system-out>
  <testcase classname="testNGFlags.Flag3" name="method1" time="0.001"/>
  <system-out>
    <![CDATA[Login Test Case!!]]>
  </system-out>
  <testcase classname="testNGFlags.Flag3" name="method1" time="0.000"/>
  <system-out>
    <![CDATA[Login Test Case!!]]>
  </system-out>
  <testcase classname="testNGFlags.Flag3" name="method1" time="0.000"/>
  <system-out>
    <![CDATA[Login Test Case!!]]>
  </system-out>
  <testcase classname="testNGFlags.Flag3" name="method1" time="0.000"/>
  <system-out>
    <![CDATA[Login Test Case!!]]>
  </system-out>
  <testcase classname="testNGFlags.Flag3" name="method1" time="0.000"/>
  <system-out>
    <![CDATA[Login Test Case!!]]>
  </system-out>
  <testcase classname="testNGFlags.Flag3" name="method1" time="0.001"/>
  <system-out>
    <![CDATA[Login Test Case!!]]>
  </system-out>
  <testcase classname="testNGFlags.Flag3" name="method1" time="0.000"/>
  <system-out>
    <![CDATA[Login Test Case!!]]>
  </system-out>
  <testcase classname="testNGFlags.Flag3" name="method1" time="0.000"/>
  <system-out>
    <![CDATA[Login Test Case!!]]>
  </system-out>
  <testcase classname="testNGFlags.Flag3" name="method1" time="0.001"/>
  <system-out>
    <![CDATA[Login Test Case!!]]>
  </system-out>
  <testcase classname="testNGFlags.Flag3" name="method1" time="0.001"/>
  <system-out>
    <![CDATA[Login Test Case!!]]>
  </system-out>
  <testcase classname="testNGFlags.Flag3" name="method1" time="0.002"/>
  <system-out>
    <![CDATA[Login Test Case!!]]>
  </system-out>
  <testcase classname="testNGFlags.Flag3" name="method1" time="0.000"/>
  <system-out>
    <![CDATA[Login Test Case!!]]>
  </system-out>
  <testcase classname="testNGFlags.Flag3" name="method1" time="0.000"/>
  <system-out>
    <![CDATA[Login Test Case!!]]>
  </system-out>
  <testcase classname="testNGFlags.Flag3" name="method1" time="0.001"/>
  <system-out>
    <![CDATA[Login Test Case!!]]>
  </system-out>
  <testcase classname="testNGFlags.Flag3" name="method1" time="0.000"/>
  <system-out>
    <![CDATA[Login Test Case!!]]>
  </system-out>
  <testcase classname="testNGFlags.Flag3" name="method1" time="0.001"/>
  <system-out>
    <![CDATA[Login Test Case!!]]>
  </system-out>
  <testcase classname="testNGFlags.Flag3" name="method1" time="0.000"/>
  <system-out>
    <![CDATA[Login Test Case!!]]>
  </system-out>
  <testcase classname="testNGFlags.Flag3" name="method1" time="0.000"/>
  <system-out>
    <![CDATA[Login Test Case!!]]>
  </system-out>
  <testcase classname="testNGFlags.Flag3" name="method1" time="0.002"/>
  <system-out>
    <![CDATA[Login Test Case!!]]>
  </system-out>
  <testcase classname="testNGFlags.Flag3" name="method1" time="0.000"/>
  <system-out>
    <![CDATA[Login Test Case!!]]>
  </system-out>
  <testcase classname="testNGFlags.Flag3" name="method1" time="0.001"/>
  <system-out>
    <![CDATA[Login Test Case!!]]>
  </system-out>
  <testcase classname="testNGFlags.Flag3" name="method1" time="0.001"/>
  <system-out>
    <![CDATA[Login Test Case!!]]>
  </system-out>
  <testcase classname="testNGFlags.Flag3" name="method1" time="0.000"/>
  <system-out>
    <![CDATA[Login Test Case!!]]>
  </system-out>
  <testcase classname="testNGFlags.Flag3" name="method1" time="0.001"/>
  <system-out>
    <![CDATA[Login Test Case!!]]>
  </system-out>
  <testcase classname="testNGFlags.Flag3" name="method1" time="0.001"/>
  <system-out>
    <![CDATA[Login Test Case!!]]>
  </system-out>
  <testcase classname="testNGFlags.Flag3" name="method1" time="0.001"/>
  <system-out>
    <![CDATA[Login Test Case!!]]>
  </system-out>
  <testcase classname="testNGFlags.Flag3" name="method1" time="0.000"/>
  <system-out>
    <![CDATA[Login Test Case!!]]>
  </system-out>
  <testcase classname="testNGFlags.Flag3" name="method1" time="0.000"/>
  <system-out>
    <![CDATA[Login Test Case!!]]>
  </system-out>
  <testcase classname="testNGFlags.Flag3" name="method1" time="0.000"/>
  <system-out>
    <![CDATA[Login Test Case!!]]>
  </system-out>
  <testcase classname="testNGFlags.Flag3" name="method1" time="0.001"/>
  <system-out>
    <![CDATA[Login Test Case!!]]>
  </system-out>
  <testcase classname="testNGFlags.Flag3" name="method1" time="0.000"/>
  <system-out>
    <![CDATA[Login Test Case!!]]>
  </system-out>
  <testcase classname="testNGFlags.Flag3" name="method1" time="0.000"/>
  <system-out>
    <![CDATA[Login Test Case!!]]>
  </system-out>
  <testcase classname="testNGFlags.Flag3" name="method1" time="0.001"/>
  <system-out>
    <![CDATA[Login Test Case!!]]>
  </system-out>
  <testcase classname="testNGFlags.Flag3" name="method1" time="0.001"/>
  <system-out>
    <![CDATA[Login Test Case!!]]>
  </system-out>
  <testcase classname="testNGFlags.Flag3" name="method1" time="0.001"/>
  <system-out>
    <![CDATA[Login Test Case!!]]>
  </system-out>
  <testcase classname="testNGFlags.Flag3" name="method1" time="0.000"/>
  <system-out>
    <![CDATA[Login Test Case!!]]>
  </system-out>
  <testcase classname="testNGFlags.Flag3" name="method1" time="0.000"/>
  <system-out>
    <![CDATA[Login Test Case!!]]>
  </system-out>
  <testcase classname="testNGFlags.Flag3" name="method1" time="0.000"/>
  <system-out>
    <![CDATA[Login Test Case!!]]>
  </system-out>
  <testcase classname="testNGFlags.Flag3" name="method1" time="0.000"/>
  <system-out>
    <![CDATA[Login Test Case!!]]>
  </system-out>
  <testcase classname="testNGFlags.Flag3" name="method1" time="0.000"/>
  <system-out>
    <![CDATA[Login Test Case!!]]>
  </system-out>
  <testcase classname="testNGFlags.Flag3" name="method1" time="0.001"/>
  <system-out>
    <![CDATA[Login Test Case!!]]>
  </system-out>
  <testcase classname="testNGFlags.Flag3" name="method1" time="0.001"/>
  <system-out>
    <![CDATA[Login Test Case!!]]>
  </system-out>
  <testcase classname="testNGFlags.Flag3" name="method1" time="0.000"/>
  <system-out>
    <![CDATA[Login Test Case!!]]>
  </system-out>
  <testcase classname="testNGFlags.Flag3" name="method1" time="0.000"/>
  <system-out>
    <![CDATA[Login Test Case!!]]>
  </system-out>
  <testcase classname="testNGFlags.Flag3" name="method1" time="0.001"/>
  <system-out>
    <![CDATA[Login Test Case!!]]>
  </system-out>
  <testcase classname="testNGFlags.Flag3" name="method1" time="0.001"/>
  <system-out>
    <![CDATA[Login Test Case!!]]>
  </system-out>
  <testcase classname="testNGFlags.Flag3" name="method1" time="0.000"/>
  <system-out>
    <![CDATA[Login Test Case!!]]>
  </system-out>
  <testcase classname="testNGFlags.Flag3" name="method1" time="0.000"/>
  <system-out>
    <![CDATA[Login Test Case!!]]>
  </system-out>
  <testcase classname="testNGFlags.Flag3" name="method1" time="0.000"/>
  <system-out>
    <![CDATA[Login Test Case!!]]>
  </system-out>
  <testcase classname="testNGFlags.Flag3" name="method1" time="0.000"/>
  <system-out>
    <![CDATA[Login Test Case!!]]>
  </system-out>
  <testcase classname="testNGFlags.Flag3" name="method1" time="0.000"/>
  <system-out>
    <![CDATA[Login Test Case!!]]>
  </system-out>
  <testcase classname="testNGFlags.Flag3" name="method1" time="0.000"/>
  <system-out>
    <![CDATA[Login Test Case!!]]>
  </system-out>
  <testcase classname="testNGFlags.Flag3" name="method1" time="0.000"/>
  <system-out>
    <![CDATA[Login Test Case!!]]>
  </system-out>
  <testcase classname="testNGFlags.Flag3" name="method1" time="0.000"/>
  <system-out>
    <![CDATA[Login Test Case!!]]>
  </system-out>
  <testcase classname="testNGFlags.Flag3" name="method1" time="0.000"/>
  <system-out>
    <![CDATA[Login Test Case!!]]>
  </system-out>
  <testcase classname="testNGFlags.Flag3" name="method1" time="0.000"/>
  <system-out>
    <![CDATA[Login Test Case!!]]>
  </system-out>
  <testcase classname="testNGFlags.Flag3" name="method1" time="0.001"/>
  <system-out>
    <![CDATA[Login Test Case!!]]>
  </system-out>
  <testcase classname="testNGFlags.Flag3" name="method1" time="0.000"/>
  <system-out>
    <![CDATA[Login Test Case!!]]>
  </system-out>
  <testcase classname="testNGFlags.Flag3" name="method1" time="0.000"/>
  <system-out>
    <![CDATA[Login Test Case!!]]>
  </system-out>
  <testcase classname="testNGFlags.Flag3" name="method1" time="0.000"/>
  <system-out>
    <![CDATA[Login Test Case!!]]>
  </system-out>
  <testcase classname="testNGFlags.Flag3" name="method1" time="0.000"/>
  <system-out>
    <![CDATA[Login Test Case!!]]>
  </system-out>
  <testcase classname="testNGFlags.Flag3" name="method1" time="0.001"/>
  <system-out>
    <![CDATA[Login Test Case!!]]>
  </system-out>
  <testcase classname="testNGFlags.Flag3" name="method1" time="0.001"/>
  <system-out>
    <![CDATA[Login Test Case!!]]>
  </system-out>
  <testcase classname="testNGFlags.Flag3" name="method1" time="0.000"/>
  <system-out>
    <![CDATA[Login Test Case!!]]>
  </system-out>
  <testcase classname="testNGFlags.Flag3" name="method1" time="0.000"/>
  <system-out>
    <![CDATA[Login Test Case!!]]>
  </system-out>
  <testcase classname="testNGFlags.Flag3" name="method1" time="0.000"/>
  <system-out>
    <![CDATA[Login Test Case!!]]>
  </system-out>
  <testcase classname="testNGFlags.Flag3" name="method1" time="0.000"/>
  <system-out>
    <![CDATA[Login Test Case!!]]>
  </system-out>
  <testcase classname="testNGFlags.Flag3" name="method1" time="0.001"/>
  <system-out>
    <![CDATA[Login Test Case!!]]>
  </system-out>
  <testcase classname="testNGFlags.Flag3" name="method1" time="0.000"/>
  <system-out>
    <![CDATA[Login Test Case!!]]>
  </system-out>
  <testcase classname="testNGFlags.Flag3" name="method1" time="0.001"/>
  <system-out>
    <![CDATA[Login Test Case!!]]>
  </system-out>
  <testcase classname="testNGFlags.Flag3" name="method1" time="0.000"/>
  <system-out>
    <![CDATA[Login Test Case!!]]>
  </system-out>
  <testcase classname="testNGFlags.Flag3" name="method1" time="0.000"/>
  <system-out>
    <![CDATA[Login Test Case!!]]>
  </system-out>
  <testcase classname="testNGFlags.Flag3" name="method1" time="0.000"/>
  <system-out>
    <![CDATA[Login Test Case!!]]>
  </system-out>
  <testcase classname="testNGFlags.Flag3" name="method1" time="0.002"/>
  <system-out>
    <![CDATA[Login Test Case!!]]>
  </system-out>
  <testcase classname="testNGFlags.Flag3" name="method1" time="0.000"/>
  <system-out>
    <![CDATA[Login Test Case!!]]>
  </system-out>
  <testcase classname="testNGFlags.Flag3" name="method1" time="0.000"/>
  <system-out>
    <![CDATA[Login Test Case!!]]>
  </system-out>
  <testcase classname="testNGFlags.Flag3" name="method1" time="0.001"/>
  <system-out>
    <![CDATA[Login Test Case!!]]>
  </system-out>
  <testcase classname="testNGFlags.Flag3" name="method1" time="0.001"/>
  <system-out>
    <![CDATA[Login Test Case!!]]>
  </system-out>
  <testcase classname="testNGFlags.Flag3" name="method1" time="0.001"/>
  <system-out>
    <![CDATA[Login Test Case!!]]>
  </system-out>
  <testcase classname="testNGFlags.Flag3" name="method1" time="0.001"/>
  <system-out>
    <![CDATA[Login Test Case!!]]>
  </system-out>
  <testcase classname="testNGFlags.Flag3" name="method1" time="0.001"/>
  <system-out>
    <![CDATA[Login Test Case!!]]>
  </system-out>
  <testcase classname="testNGFlags.Flag3" name="method1" time="0.001"/>
  <system-out>
    <![CDATA[Login Test Case!!]]>
  </system-out>
  <testcase classname="testNGFlags.Flag3" name="method1" time="0.001"/>
  <system-out>
    <![CDATA[Login Test Case!!]]>
  </system-out>
  <testcase classname="testNGFlags.Flag3" name="method1" time="0.001"/>
  <system-out>
    <![CDATA[Login Test Case!!]]>
  </system-out>
  <testcase classname="testNGFlags.Flag3" name="method1" time="0.001"/>
  <system-out>
    <![CDATA[Login Test Case!!]]>
  </system-out>
  <testcase classname="testNGFlags.Flag3" name="method1" time="0.001"/>
  <system-out>
    <![CDATA[Login Test Case!!]]>
  </system-out>
  <testcase classname="testNGFlags.Flag3" name="method1" time="0.000"/>
  <system-out>
    <![CDATA[Login Test Case!!]]>
  </system-out>
  <testcase classname="testNGFlags.Flag3" name="method1" time="0.001"/>
  <system-out>
    <![CDATA[Login Test Case!!]]>
  </system-out>
  <testcase classname="testNGFlags.Flag3" name="method1" time="0.000"/>
  <system-out>
    <![CDATA[Login Test Case!!]]>
  </system-out>
  <testcase classname="testNGFlags.Flag3" name="method1" time="0.000"/>
  <system-out>
    <![CDATA[Login Test Case!!]]>
  </system-out>
  <testcase classname="testNGFlags.Flag3" name="method1" time="0.000"/>
  <system-out>
    <![CDATA[Login Test Case!!]]>
  </system-out>
  <testcase classname="testNGFlags.Flag3" name="method1" time="0.000"/>
  <system-out>
    <![CDATA[Login Test Case!!]]>
  </system-out>
  <testcase classname="testNGFlags.Flag3" name="method1" time="0.001"/>
  <system-out>
    <![CDATA[Login Test Case!!]]>
  </system-out>
  <testcase classname="testNGFlags.Flag3" name="method1" time="0.001"/>
  <system-out>
    <![CDATA[Login Test Case!!]]>
  </system-out>
  <testcase classname="testNGFlags.Flag3" name="method1" time="0.000"/>
  <system-out>
    <![CDATA[Login Test Case!!]]>
  </system-out>
  <testcase classname="testNGFlags.Flag3" name="method1" time="0.000"/>
  <system-out>
    <![CDATA[Login Test Case!!]]>
  </system-out>
  <testcase classname="testNGFlags.Flag3" name="method1" time="0.000"/>
  <system-out>
    <![CDATA[Login Test Case!!]]>
  </system-out>
  <testcase classname="testNGFlags.Flag3" name="method1" time="0.000"/>
  <system-out>
    <![CDATA[Login Test Case!!]]>
  </system-out>
  <testcase classname="testNGFlags.Flag3" name="method1" time="0.000"/>
  <system-out>
    <![CDATA[Login Test Case!!]]>
  </system-out>
  <testcase classname="testNGFlags.Flag3" name="method1" time="0.001"/>
  <system-out>
    <![CDATA[Login Test Case!!]]>
  </system-out>
  <testcase classname="testNGFlags.Flag3" name="method1" time="0.001"/>
  <system-out>
    <![CDATA[Login Test Case!!]]>
  </system-out>
  <testcase classname="testNGFlags.Flag3" name="method1" time="0.001"/>
  <system-out>
    <![CDATA[Login Test Case!!]]>
  </system-out>
  <testcase classname="testNGFlags.Flag3" name="method1" time="0.001"/>
  <system-out>
    <![CDATA[Login Test Case!!]]>
  </system-out>
  <testcase classname="testNGFlags.Flag3" name="method1" time="0.000"/>
  <system-out>
    <![CDATA[Login Test Case!!]]>
  </system-out>
  <testcase classname="testNGFlags.Flag3" name="method1" time="0.001"/>
  <system-out>
    <![CDATA[Login Test Case!!]]>
  </system-out>
  <testcase classname="testNGFlags.Flag3" name="method1" time="0.000"/>
  <system-out>
    <![CDATA[Login Test Case!!]]>
  </system-out>
  <testcase classname="testNGFlags.Flag3" name="method1" time="0.000"/>
  <system-out>
    <![CDATA[Login Test Case!!]]>
  </system-out>
  <testcase classname="testNGFlags.Flag3" name="method1" time="0.000"/>
  <system-out>
    <![CDATA[Login Test Case!!]]>
  </system-out>
  <testcase classname="testNGFlags.Flag3" name="method1" time="0.000"/>
  <system-out>
    <![CDATA[Login Test Case!!]]>
  </system-out>
  <testcase classname="testNGFlags.Flag3" name="method1" time="0.000"/>
  <system-out>
    <![CDATA[Login Test Case!!]]>
  </system-out>
  <testcase classname="testNGFlags.Flag3" name="method1" time="0.001"/>
  <system-out>
    <![CDATA[Login Test Case!!]]>
  </system-out>
  <testcase classname="testNGFlags.Flag3" name="method1" time="0.001"/>
  <system-out>
    <![CDATA[Login Test Case!!]]>
  </system-out>
  <testcase classname="testNGFlags.Flag3" name="method1" time="0.000"/>
  <system-out>
    <![CDATA[Login Test Case!!]]>
  </system-out>
  <testcase classname="testNGFlags.Flag3" name="method1" time="0.001"/>
  <system-out>
    <![CDATA[Login Test Case!!]]>
  </system-out>
  <testcase classname="testNGFlags.Flag3" name="method1" time="0.001"/>
  <system-out>
    <![CDATA[Login Test Case!!]]>
  </system-out>
  <testcase classname="testNGFlags.Flag3" name="method1" time="0.000"/>
  <system-out>
    <![CDATA[Login Test Case!!]]>
  </system-out>
  <testcase classname="testNGFlags.Flag3" name="method1" time="0.001"/>
  <system-out>
    <![CDATA[Login Test Case!!]]>
  </system-out>
  <testcase classname="testNGFlags.Flag3" name="method1" time="0.001"/>
  <system-out>
    <![CDATA[Login Test Case!!]]>
  </system-out>
  <testcase classname="testNGFlags.Flag3" name="method1" time="0.000"/>
  <system-out>
    <![CDATA[Login Test Case!!]]>
  </system-out>
  <testcase classname="testNGFlags.Flag3" name="method1" time="0.000"/>
  <system-out>
    <![CDATA[Login Test Case!!]]>
  </system-out>
  <testcase classname="testNGFlags.Flag3" name="method1" time="0.001"/>
  <system-out>
    <![CDATA[Login Test Case!!]]>
  </system-out>
  <testcase classname="testNGFlags.Flag3" name="method1" time="0.000"/>
  <system-out>
    <![CDATA[Login Test Case!!]]>
  </system-out>
  <testcase classname="testNGFlags.Flag3" name="method1" time="0.000"/>
  <system-out>
    <![CDATA[Login Test Case!!]]>
  </system-out>
  <testcase classname="testNGFlags.Flag3" name="method1" time="0.001"/>
  <system-out>
    <![CDATA[Login Test Case!!]]>
  </system-out>
  <testcase classname="testNGFlags.Flag3" name="method1" time="0.001"/>
  <system-out>
    <![CDATA[Login Test Case!!]]>
  </system-out>
  <testcase classname="testNGFlags.Flag3" name="method1" time="0.001"/>
  <system-out>
    <![CDATA[Login Test Case!!]]>
  </system-out>
  <testcase classname="testNGFlags.Flag3" name="method1" time="0.000"/>
  <system-out>
    <![CDATA[Login Test Case!!]]>
  </system-out>
  <testcase classname="testNGFlags.Flag3" name="method1" time="0.000"/>
  <system-out>
    <![CDATA[Login Test Case!!]]>
  </system-out>
  <testcase classname="testNGFlags.Flag3" name="method1" time="0.000"/>
  <system-out>
    <![CDATA[Login Test Case!!]]>
  </system-out>
  <testcase classname="testNGFlags.Flag3" name="method1" time="0.001"/>
  <system-out>
    <![CDATA[Login Test Case!!]]>
  </system-out>
  <testcase classname="testNGFlags.Flag3" name="method1" time="0.000"/>
  <system-out>
    <![CDATA[Login Test Case!!]]>
  </system-out>
  <testcase classname="testNGFlags.Flag3" name="method1" time="0.001"/>
  <system-out>
    <![CDATA[Login Test Case!!]]>
  </system-out>
  <testcase classname="testNGFlags.Flag3" name="method1" time="0.001"/>
  <system-out>
    <![CDATA[Login Test Case!!]]>
  </system-out>
  <testcase classname="testNGFlags.Flag3" name="method1" time="0.000"/>
  <system-out>
    <![CDATA[Login Test Case!!]]>
  </system-out>
  <testcase classname="testNGFlags.Flag3" name="method1" time="0.001"/>
  <system-out>
    <![CDATA[Login Test Case!!]]>
  </system-out>
  <testcase classname="testNGFlags.Flag3" name="method1" time="0.001"/>
  <system-out>
    <![CDATA[Login Test Case!!]]>
  </system-out>
  <testcase classname="testNGFlags.Flag3" name="method1" time="0.000"/>
  <system-out>
    <![CDATA[Login Test Case!!]]>
  </system-out>
  <testcase classname="testNGFlags.Flag3" name="method1" time="0.001"/>
  <system-out>
    <![CDATA[Login Test Case!!]]>
  </system-out>
  <testcase classname="testNGFlags.Flag3" name="method1" time="0.000"/>
  <system-out>
    <![CDATA[Login Test Case!!]]>
  </system-out>
  <testcase classname="testNGFlags.Flag3" name="method1" time="0.000"/>
  <system-out>
    <![CDATA[Login Test Case!!]]>
  </system-out>
  <testcase classname="testNGFlags.Flag3" name="method1" time="0.000"/>
  <system-out>
    <![CDATA[Login Test Case!!]]>
  </system-out>
  <testcase classname="testNGFlags.Flag3" name="method1" time="0.001"/>
  <system-out>
    <![CDATA[Login Test Case!!]]>
  </system-out>
  <testcase classname="testNGFlags.Flag3" name="method1" time="0.000"/>
  <system-out>
    <![CDATA[Login Test Case!!]]>
  </system-out>
  <testcase classname="testNGFlags.Flag3" name="method1" time="0.000"/>
  <system-out>
    <![CDATA[Login Test Case!!]]>
  </system-out>
  <testcase classname="testNGFlags.Flag3" name="method1" time="0.000"/>
  <system-out>
    <![CDATA[Login Test Case!!]]>
  </system-out>
  <testcase classname="testNGFlags.Flag3" name="method1" time="0.000"/>
  <system-out>
    <![CDATA[Login Test Case!!]]>
  </system-out>
  <testcase classname="testNGFlags.Flag3" name="method1" time="0.002"/>
  <system-out>
    <![CDATA[Login Test Case!!]]>
  </system-out>
  <testcase classname="testNGFlags.Flag3" name="method1" time="0.000"/>
  <system-out>
    <![CDATA[Login Test Case!!]]>
  </system-out>
  <testcase classname="testNGFlags.Flag3" name="method1" time="0.001"/>
  <system-out>
    <![CDATA[Login Test Case!!]]>
  </system-out>
  <testcase classname="testNGFlags.Flag3" name="method1" time="0.000"/>
  <system-out>
    <![CDATA[Login Test Case!!]]>
  </system-out>
  <testcase classname="testNGFlags.Flag3" name="method1" time="0.000"/>
  <system-out>
    <![CDATA[Login Test Case!!]]>
  </system-out>
  <testcase classname="testNGFlags.Flag3" name="method1" time="0.000"/>
  <system-out>
    <![CDATA[Login Test Case!!]]>
  </system-out>
  <testcase classname="testNGFlags.Flag3" name="method1" time="0.000"/>
  <system-out>
    <![CDATA[Login Test Case!!]]>
  </system-out>
  <testcase classname="testNGFlags.Flag3" name="method1" time="0.000"/>
  <system-out>
    <![CDATA[Login Test Case!!]]>
  </system-out>
  <testcase classname="testNGFlags.Flag3" name="method1" time="0.000"/>
  <system-out>
    <![CDATA[Login Test Case!!]]>
  </system-out>
  <testcase classname="testNGFlags.Flag3" name="method1" time="0.000"/>
  <system-out>
    <![CDATA[Login Test Case!!]]>
  </system-out>
  <testcase classname="testNGFlags.Flag3" name="method1" time="0.001"/>
  <system-out>
    <![CDATA[Login Test Case!!]]>
  </system-out>
  <testcase classname="testNGFlags.Flag3" name="method1" time="0.000"/>
  <system-out>
    <![CDATA[Login Test Case!!]]>
  </system-out>
  <testcase classname="testNGFlags.Flag3" name="method1" time="0.001"/>
  <system-out>
    <![CDATA[Login Test Case!!]]>
  </system-out>
  <testcase classname="testNGFlags.Flag3" name="method1" time="0.001"/>
  <system-out>
    <![CDATA[Login Test Case!!]]>
  </system-out>
  <testcase classname="testNGFlags.Flag3" name="method1" time="0.000"/>
  <system-out>
    <![CDATA[Login Test Case!!]]>
  </system-out>
  <testcase classname="testNGFlags.Flag3" name="method1" time="0.000"/>
  <system-out>
    <![CDATA[Login Test Case!!]]>
  </system-out>
  <testcase classname="testNGFlags.Flag3" name="method1" time="0.000"/>
  <system-out>
    <![CDATA[Login Test Case!!]]>
  </system-out>
  <testcase classname="testNGFlags.Flag3" name="method1" time="0.001"/>
  <system-out>
    <![CDATA[Login Test Case!!]]>
  </system-out>
  <testcase classname="testNGFlags.Flag3" name="method1" time="0.000"/>
  <system-out>
    <![CDATA[Login Test Case!!]]>
  </system-out>
  <testcase classname="testNGFlags.Flag3" name="method1" time="0.000"/>
  <system-out>
    <![CDATA[Login Test Case!!]]>
  </system-out>
  <testcase classname="testNGFlags.Flag3" name="method1" time="0.000"/>
  <system-out>
    <![CDATA[Login Test Case!!]]>
  </system-out>
  <testcase classname="testNGFlags.Flag3" name="method1" time="0.001"/>
  <system-out>
    <![CDATA[Login Test Case!!]]>
  </system-out>
  <testcase classname="testNGFlags.Flag3" name="method1" time="0.001"/>
  <system-out>
    <![CDATA[Login Test Case!!]]>
  </system-out>
  <testcase classname="testNGFlags.Flag3" name="method1" time="0.000"/>
  <system-out>
    <![CDATA[Login Test Case!!]]>
  </system-out>
  <testcase classname="testNGFlags.Flag3" name="method1" time="0.002"/>
  <system-out>
    <![CDATA[Login Test Case!!]]>
  </system-out>
  <testcase classname="testNGFlags.Flag3" name="method1" time="0.001"/>
  <system-out>
    <![CDATA[Login Test Case!!]]>
  </system-out>
  <testcase classname="testNGFlags.Flag3" name="method1" time="0.000"/>
  <system-out>
    <![CDATA[Login Test Case!!]]>
  </system-out>
  <testcase classname="testNGFlags.Flag3" name="method1" time="0.001"/>
  <system-out>
    <![CDATA[Login Test Case!!]]>
  </system-out>
  <testcase classname="testNGFlags.Flag3" name="method1" time="0.000"/>
  <system-out>
    <![CDATA[Login Test Case!!]]>
  </system-out>
  <testcase classname="testNGFlags.Flag3" name="method1" time="0.001"/>
  <system-out>
    <![CDATA[Login Test Case!!]]>
  </system-out>
  <testcase classname="testNGFlags.Flag3" name="method1" time="0.001"/>
  <system-out>
    <![CDATA[Login Test Case!!]]>
  </system-out>
  <testcase classname="testNGFlags.Flag3" name="method1" time="0.000"/>
  <system-out>
    <![CDATA[Login Test Case!!]]>
  </system-out>
  <testcase classname="testNGFlags.Flag3" name="method1" time="0.000"/>
  <system-out>
    <![CDATA[Login Test Case!!]]>
  </system-out>
  <testcase classname="testNGFlags.Flag3" name="method1" time="0.000"/>
  <system-out>
    <![CDATA[Login Test Case!!]]>
  </system-out>
  <testcase classname="testNGFlags.Flag3" name="method1" time="0.001"/>
  <system-out>
    <![CDATA[Login Test Case!!]]>
  </system-out>
  <testcase classname="testNGFlags.Flag3" name="method1" time="0.001"/>
  <system-out>
    <![CDATA[Login Test Case!!]]>
  </system-out>
  <testcase classname="testNGFlags.Flag3" name="method1" time="0.001"/>
  <system-out>
    <![CDATA[Login Test Case!!]]>
  </system-out>
  <testcase classname="testNGFlags.Flag3" name="method1" time="0.001"/>
  <system-out>
    <![CDATA[Login Test Case!!]]>
  </system-out>
  <testcase classname="testNGFlags.Flag3" name="method1" time="0.000"/>
  <system-out>
    <![CDATA[Login Test Case!!]]>
  </system-out>
  <testcase classname="testNGFlags.Flag3" name="method1" time="0.000"/>
  <system-out>
    <![CDATA[Login Test Case!!]]>
  </system-out>
  <testcase classname="testNGFlags.Flag3" name="method1" time="0.001"/>
  <system-out>
    <![CDATA[Login Test Case!!]]>
  </system-out>
  <testcase classname="testNGFlags.Flag3" name="method1" time="0.000"/>
  <system-out>
    <![CDATA[Login Test Case!!]]>
  </system-out>
  <testcase classname="testNGFlags.Flag3" name="method1" time="0.001"/>
  <system-out>
    <![CDATA[Login Test Case!!]]>
  </system-out>
  <testcase classname="testNGFlags.Flag3" name="method1" time="0.000"/>
  <system-out>
    <![CDATA[Login Test Case!!]]>
  </system-out>
  <testcase classname="testNGFlags.Flag3" name="method1" time="0.000"/>
  <system-out>
    <![CDATA[Login Test Case!!]]>
  </system-out>
  <testcase classname="testNGFlags.Flag3" name="method1" time="0.000"/>
  <system-out>
    <![CDATA[Login Test Case!!]]>
  </system-out>
  <testcase classname="testNGFlags.Flag3" name="method1" time="0.001"/>
  <system-out>
    <![CDATA[Login Test Case!!]]>
  </system-out>
  <testcase classname="testNGFlags.Flag3" name="method1" time="0.000"/>
  <system-out>
    <![CDATA[Login Test Case!!]]>
  </system-out>
  <testcase classname="testNGFlags.Flag3" name="method1" time="0.001"/>
  <system-out>
    <![CDATA[Login Test Case!!]]>
  </system-out>
  <testcase classname="testNGFlags.Flag3" name="method1" time="0.000"/>
  <system-out>
    <![CDATA[Login Test Case!!]]>
  </system-out>
  <testcase classname="testNGFlags.Flag3" name="method1" time="0.000"/>
  <system-out>
    <![CDATA[Login Test Case!!]]>
  </system-out>
  <testcase classname="testNGFlags.Flag3" name="method1" time="0.001"/>
  <system-out>
    <![CDATA[Login Test Case!!]]>
  </system-out>
  <testcase classname="testNGFlags.Flag3" name="method1" time="0.000"/>
  <system-out>
    <![CDATA[Login Test Case!!]]>
  </system-out>
  <testcase classname="testNGFlags.Flag3" name="method1" time="0.000"/>
  <system-out>
    <![CDATA[Login Test Case!!]]>
  </system-out>
  <testcase classname="testNGFlags.Flag3" name="method1" time="0.001"/>
  <system-out>
    <![CDATA[Login Test Case!!]]>
  </system-out>
  <testcase classname="testNGFlags.Flag3" name="method1" time="0.000"/>
  <system-out>
    <![CDATA[Login Test Case!!]]>
  </system-out>
  <testcase classname="testNGFlags.Flag3" name="method1" time="0.000"/>
  <system-out>
    <![CDATA[Login Test Case!!]]>
  </system-out>
  <testcase classname="testNGFlags.Flag3" name="method1" time="0.000"/>
  <system-out>
    <![CDATA[Login Test Case!!]]>
  </system-out>
  <testcase classname="testNGFlags.Flag3" name="method1" time="0.000"/>
  <system-out>
    <![CDATA[Login Test Case!!]]>
  </system-out>
  <testcase classname="testNGFlags.Flag3" name="method1" time="0.000"/>
  <system-out>
    <![CDATA[Login Test Case!!]]>
  </system-out>
  <testcase classname="testNGFlags.Flag3" name="method1" time="0.000"/>
  <system-out>
    <![CDATA[Login Test Case!!]]>
  </system-out>
  <testcase classname="testNGFlags.Flag3" name="method1" time="0.000"/>
  <system-out>
    <![CDATA[Login Test Case!!]]>
  </system-out>
  <testcase classname="testNGFlags.Flag3" name="method1" time="0.000"/>
  <system-out>
    <![CDATA[Login Test Case!!]]>
  </system-out>
  <testcase classname="testNGFlags.Flag3" name="method1" time="0.000"/>
  <system-out>
    <![CDATA[Login Test Case!!]]>
  </system-out>
  <testcase classname="testNGFlags.Flag3" name="method1" time="0.000"/>
  <system-out>
    <![CDATA[Login Test Case!!]]>
  </system-out>
  <testcase classname="testNGFlags.Flag3" name="method1" time="0.000"/>
  <system-out>
    <![CDATA[Login Test Case!!]]>
  </system-out>
  <testcase classname="testNGFlags.Flag3" name="method1" time="0.000"/>
  <system-out>
    <![CDATA[Login Test Case!!]]>
  </system-out>
  <testcase classname="testNGFlags.Flag3" name="method1" time="0.000"/>
  <system-out>
    <![CDATA[Login Test Case!!]]>
  </system-out>
  <testcase classname="testNGFlags.Flag3" name="method1" time="0.001"/>
  <system-out>
    <![CDATA[Login Test Case!!]]>
  </system-out>
  <testcase classname="testNGFlags.Flag3" name="method1" time="0.001"/>
  <system-out>
    <![CDATA[Login Test Case!!]]>
  </system-out>
  <testcase classname="testNGFlags.Flag3" name="method1" time="0.001"/>
  <system-out>
    <![CDATA[Login Test Case!!]]>
  </system-out>
  <testcase classname="testNGFlags.Flag3" name="method1" time="0.000"/>
  <system-out>
    <![CDATA[Login Test Case!!]]>
  </system-out>
  <testcase classname="testNGFlags.Flag3" name="method1" time="0.001"/>
  <system-out>
    <![CDATA[Login Test Case!!]]>
  </system-out>
  <testcase classname="testNGFlags.Flag3" name="method1" time="0.002"/>
  <system-out>
    <![CDATA[Login Test Case!!]]>
  </system-out>
  <testcase classname="testNGFlags.Flag3" name="method1" time="0.001"/>
  <system-out>
    <![CDATA[Login Test Case!!]]>
  </system-out>
  <testcase classname="testNGFlags.Flag3" name="method1" time="0.001"/>
  <system-out>
    <![CDATA[Login Test Case!!]]>
  </system-out>
  <testcase classname="testNGFlags.Flag3" name="method1" time="0.001"/>
  <system-out>
    <![CDATA[Login Test Case!!]]>
  </system-out>
  <testcase classname="testNGFlags.Flag3" name="method1" time="0.000"/>
  <system-out>
    <![CDATA[Login Test Case!!]]>
  </system-out>
  <testcase classname="testNGFlags.Flag3" name="method1" time="0.001"/>
  <system-out>
    <![CDATA[Login Test Case!!]]>
  </system-out>
  <testcase classname="testNGFlags.Flag3" name="method1" time="0.000"/>
  <system-out>
    <![CDATA[Login Test Case!!]]>
  </system-out>
  <testcase classname="testNGFlags.Flag3" name="method1" time="0.001"/>
  <system-out>
    <![CDATA[Login Test Case!!]]>
  </system-out>
  <testcase classname="testNGFlags.Flag3" name="method1" time="0.001"/>
  <system-out>
    <![CDATA[Login Test Case!!]]>
  </system-out>
  <testcase classname="testNGFlags.Flag3" name="method1" time="0.000"/>
  <system-out>
    <![CDATA[Login Test Case!!]]>
  </system-out>
  <testcase classname="testNGFlags.Flag3" name="method1" time="0.000"/>
  <system-out>
    <![CDATA[Login Test Case!!]]>
  </system-out>
  <testcase classname="testNGFlags.Flag3" name="method1" time="0.001"/>
  <system-out>
    <![CDATA[Login Test Case!!]]>
  </system-out>
  <testcase classname="testNGFlags.Flag3" name="method1" time="0.000"/>
  <system-out>
    <![CDATA[Login Test Case!!]]>
  </system-out>
  <testcase classname="testNGFlags.Flag3" name="method1" time="0.000"/>
  <system-out>
    <![CDATA[Login Test Case!!]]>
  </system-out>
  <testcase classname="testNGFlags.Flag3" name="method1" time="0.001"/>
  <system-out>
    <![CDATA[Login Test Case!!]]>
  </system-out>
  <testcase classname="testNGFlags.Flag3" name="method1" time="0.001"/>
  <system-out>
    <![CDATA[Login Test Case!!]]>
  </system-out>
  <testcase classname="testNGFlags.Flag3" name="method1" time="0.002"/>
  <system-out>
    <![CDATA[Login Test Case!!]]>
  </system-out>
  <testcase classname="testNGFlags.Flag3" name="method1" time="0.000"/>
  <system-out>
    <![CDATA[Login Test Case!!]]>
  </system-out>
  <testcase classname="testNGFlags.Flag3" name="method1" time="0.001"/>
  <system-out>
    <![CDATA[Login Test Case!!]]>
  </system-out>
  <testcase classname="testNGFlags.Flag3" name="method1" time="0.001"/>
  <system-out>
    <![CDATA[Login Test Case!!]]>
  </system-out>
  <testcase classname="testNGFlags.Flag3" name="method1" time="0.001"/>
  <system-out>
    <![CDATA[Login Test Case!!]]>
  </system-out>
  <testcase classname="testNGFlags.Flag3" name="method1" time="0.001"/>
  <system-out>
    <![CDATA[Login Test Case!!]]>
  </system-out>
  <testcase classname="testNGFlags.Flag3" name="method1" time="0.000"/>
  <system-out>
    <![CDATA[Login Test Case!!]]>
  </system-out>
  <testcase classname="testNGFlags.Flag3" name="method1" time="0.001"/>
  <system-out>
    <![CDATA[Login Test Case!!]]>
  </system-out>
  <testcase classname="testNGFlags.Flag3" name="method1" time="0.002"/>
  <system-out>
    <![CDATA[Login Test Case!!]]>
  </system-out>
  <testcase classname="testNGFlags.Flag3" name="method1" time="0.001"/>
  <system-out>
    <![CDATA[Login Test Case!!]]>
  </system-out>
  <testcase classname="testNGFlags.Flag3" name="method1" time="0.001"/>
  <system-out>
    <![CDATA[Login Test Case!!]]>
  </system-out>
  <testcase classname="testNGFlags.Flag3" name="method1" time="0.001"/>
  <system-out>
    <![CDATA[Login Test Case!!]]>
  </system-out>
  <testcase classname="testNGFlags.Flag3" name="method1" time="0.000"/>
  <system-out>
    <![CDATA[Login Test Case!!]]>
  </system-out>
  <testcase classname="testNGFlags.Flag3" name="method1" time="0.000"/>
  <system-out>
    <![CDATA[Login Test Case!!]]>
  </system-out>
  <testcase classname="testNGFlags.Flag3" name="method1" time="0.001"/>
  <system-out>
    <![CDATA[Login Test Case!!]]>
  </system-out>
  <testcase classname="testNGFlags.Flag3" name="method1" time="0.001"/>
  <system-out>
    <![CDATA[Login Test Case!!]]>
  </system-out>
  <testcase classname="testNGFlags.Flag3" name="method1" time="0.001"/>
  <system-out>
    <![CDATA[Login Test Case!!]]>
  </system-out>
  <testcase classname="testNGFlags.Flag3" name="method1" time="0.001"/>
  <system-out>
    <![CDATA[Login Test Case!!]]>
  </system-out>
  <testcase classname="testNGFlags.Flag3" name="method1" time="0.000"/>
  <system-out>
    <![CDATA[Login Test Case!!]]>
  </system-out>
  <testcase classname="testNGFlags.Flag3" name="method1" time="0.000"/>
  <system-out>
    <![CDATA[Login Test Case!!]]>
  </system-out>
  <testcase classname="testNGFlags.Flag3" name="method1" time="0.000"/>
  <system-out>
    <![CDATA[Login Test Case!!]]>
  </system-out>
  <testcase classname="testNGFlags.Flag3" name="method1" time="0.001"/>
  <system-out>
    <![CDATA[Login Test Case!!]]>
  </system-out>
  <testcase classname="testNGFlags.Flag3" name="method1" time="0.000"/>
  <system-out>
    <![CDATA[Login Test Case!!]]>
  </system-out>
  <testcase classname="testNGFlags.Flag3" name="method1" time="0.001"/>
  <system-out>
    <![CDATA[Login Test Case!!]]>
  </system-out>
  <testcase classname="testNGFlags.Flag3" name="method1" time="0.001"/>
  <system-out>
    <![CDATA[Login Test Case!!]]>
  </system-out>
  <testcase classname="testNGFlags.Flag3" name="method1" time="0.000"/>
  <system-out>
    <![CDATA[Login Test Case!!]]>
  </system-out>
  <testcase classname="testNGFlags.Flag3" name="method1" time="0.001"/>
  <system-out>
    <![CDATA[Login Test Case!!]]>
  </system-out>
  <testcase classname="testNGFlags.Flag3" name="method1" time="0.001"/>
  <system-out>
    <![CDATA[Login Test Case!!]]>
  </system-out>
  <testcase classname="testNGFlags.Flag3" name="method1" time="0.001"/>
  <system-out>
    <![CDATA[Login Test Case!!]]>
  </system-out>
  <testcase classname="testNGFlags.Flag3" name="method1" time="0.000"/>
  <system-out>
    <![CDATA[Login Test Case!!]]>
  </system-out>
  <testcase classname="testNGFlags.Flag3" name="method1" time="0.000"/>
  <system-out>
    <![CDATA[Login Test Case!!]]>
  </system-out>
  <testcase classname="testNGFlags.Flag3" name="method1" time="0.000"/>
  <system-out>
    <![CDATA[Login Test Case!!]]>
  </system-out>
  <testcase classname="testNGFlags.Flag3" name="method1" time="0.000"/>
  <system-out>
    <![CDATA[Login Test Case!!]]>
  </system-out>
  <testcase classname="testNGFlags.Flag3" name="method1" time="0.000"/>
  <system-out>
    <![CDATA[Login Test Case!!]]>
  </system-out>
  <testcase classname="testNGFlags.Flag3" name="method1" time="0.001"/>
  <system-out>
    <![CDATA[Login Test Case!!]]>
  </system-out>
  <testcase classname="testNGFlags.Flag3" name="method1" time="0.000"/>
  <system-out>
    <![CDATA[Login Test Case!!]]>
  </system-out>
  <testcase classname="testNGFlags.Flag3" name="method1" time="0.000"/>
  <system-out>
    <![CDATA[Login Test Case!!]]>
  </system-out>
  <testcase classname="testNGFlags.Flag3" name="method1" time="0.000"/>
  <system-out>
    <![CDATA[Login Test Case!!]]>
  </system-out>
  <testcase classname="testNGFlags.Flag3" name="method1" time="0.000"/>
  <system-out>
    <![CDATA[Login Test Case!!]]>
  </system-out>
  <testcase classname="testNGFlags.Flag3" name="method1" time="0.001"/>
  <system-out>
    <![CDATA[Login Test Case!!]]>
  </system-out>
  <testcase classname="testNGFlags.Flag3" name="method1" time="0.000"/>
  <system-out>
    <![CDATA[Login Test Case!!]]>
  </system-out>
  <testcase classname="testNGFlags.Flag3" name="method1" time="0.000"/>
  <system-out>
    <![CDATA[Login Test Case!!]]>
  </system-out>
  <testcase classname="testNGFlags.Flag3" name="method1" time="0.000"/>
  <system-out>
    <![CDATA[Login Test Case!!]]>
  </system-out>
  <testcase classname="testNGFlags.Flag3" name="method1" time="0.000"/>
  <system-out>
    <![CDATA[Login Test Case!!]]>
  </system-out>
  <testcase classname="testNGFlags.Flag3" name="method1" time="0.001"/>
  <system-out>
    <![CDATA[Login Test Case!!]]>
  </system-out>
  <testcase classname="testNGFlags.Flag3" name="method1" time="0.001"/>
  <system-out>
    <![CDATA[Login Test Case!!]]>
  </system-out>
  <testcase classname="testNGFlags.Flag3" name="method1" time="0.000"/>
  <system-out>
    <![CDATA[Login Test Case!!]]>
  </system-out>
  <testcase classname="testNGFlags.Flag3" name="method1" time="0.000"/>
  <system-out>
    <![CDATA[Login Test Case!!]]>
  </system-out>
  <testcase classname="testNGFlags.Flag3" name="method1" time="0.000"/>
  <system-out>
    <![CDATA[Login Test Case!!]]>
  </system-out>
[...]
  <system-out>
    <![CDATA[Login Test Case!!]]>
  </system-out>
  <testcase classname="testNGFlags.Flag3" name="method1" time="0.001"/>
  <system-out>
    <![CDATA[Login Test Case!!]]>
  </system-out>
  <testcase classname="testNGFlags.Flag3" name="method1" time="0.001"/>
  <system-out>
    <![CDATA[Login Test Case!!]]>
  </system-out>
  <testcase classname="testNGFlags.Flag3" name="method1" time="0.001"/>
  <system-out>
    <![CDATA[Login Test Case!!]]>
  </system-out>
  <testcase classname="testNGFlags.Flag3" name="method1" time="0.000"/>
  <system-out>
    <![CDATA[Login Test Case!!]]>
  </system-out>
  <testcase classname="testNGFlags.Flag3" name="method1" time="0.000"/>
  <system-out>
    <![CDATA[Login Test Case!!]]>
  </system-out>
  <testcase classname="testNGFlags.Flag3" name="method1" time="0.000"/>
  <system-out>
    <![CDATA[Login Test Case!!]]>
  </system-out>
  <testcase classname="testNGFlags.Flag3" name="method1" time="0.003"/>
  <system-out>
    <![CDATA[Login Test Case!!]]>
  </system-out>
  <testcase classname="testNGFlags.Flag3" name="method1" time="0.001"/>
  <system-out>
    <![CDATA[Login Test Case!!]]>
  </system-out>
  <testcase classname="testNGFlags.Flag3" name="method1" time="0.001"/>
  <system-out>
    <![CDATA[Login Test Case!!]]>
  </system-out>
  <testcase classname="testNGFlags.Flag3" name="method1" time="0.001"/>
  <system-out>
    <![CDATA[Login Test Case!!]]>
  </system-out>
  <testcase classname="testNGFlags.Flag3" name="method1" time="0.001"/>
  <system-out>
    <![CDATA[Login Test Case!!]]>
  </system-out>
  <testcase classname="testNGFlags.Flag3" name="method1" time="0.000"/>
  <system-out>
    <![CDATA[Login Test Case!!]]>
  </system-out>
  <testcase classname="testNGFlags.Flag3" name="method1" time="0.001"/>
  <system-out>
    <![CDATA[Login Test Case!!]]>
  </system-out>
  <testcase classname="testNGFlags.Flag3" name="method1" time="0.001"/>
  <system-out>
    <![CDATA[Login Test Case!!]]>
  </system-out>
  <testcase classname="testNGFlags.Flag3" name="method1" time="0.001"/>
  <system-out>
    <![CDATA[Login Test Case!!]]>
  </system-out>
  <testcase classname="testNGFlags.Flag3" name="method1" time="0.001"/>
  <system-out>
    <![CDATA[Login Test Case!!]]>
  </system-out>
  <testcase classname="testNGFlags.Flag3" name="method1" time="0.001"/>
  <system-out>
    <![CDATA[Login Test Case!!]]>
  </system-out>
  <testcase classname="testNGFlags.Flag3" name="method1" time="0.000"/>
  <system-out>
    <![CDATA[Login Test Case!!]]>
  </system-out>
  <testcase classname="testNGFlags.Flag3" name="method1" time="0.000"/>
  <system-out>
    <![CDATA[Login Test Case!!]]>
  </system-out>
  <testcase classname="testNGFlags.Flag3" name="method1" time="0.000"/>
  <system-out>
    <![CDATA[Login Test Case!!]]>
  </system-out>
  <testcase classname="testNGFlags.Flag3" name="method1" time="0.000"/>
  <system-out>
    <![CDATA[Login Test Case!!]]>
  </system-out>
  <testcase classname="testNGFlags.Flag3" name="method1" time="0.000"/>
  <system-out>
    <![CDATA[Login Test Case!!]]>
  </system-out>
  <testcase classname="testNGFlags.Flag3" name="method1" time="0.000"/>
  <system-out>
    <![CDATA[Login Test Case!!]]>
  </system-out>
  <testcase classname="testNGFlags.Flag3" name="method1" time="0.002"/>
  <system-out>
    <![CDATA[Login Test Case!!]]>
  </system-out>
  <testcase classname="testNGFlags.Flag3" name="method1" time="0.000"/>
  <system-out>
    <![CDATA[Login Test Case!!]]>
  </system-out>
  <testcase classname="testNGFlags.Flag3" name="method1" time="0.000"/>
  <system-out>
    <![CDATA[Login Test Case!!]]>
  </system-out>
  <testcase classname="testNGFlags.Flag3" name="method1" time="0.000"/>
  <system-out>
    <![CDATA[Login Test Case!!]]>
  </system-out>
  <testcase classname="testNGFlags.Flag3" name="method1" time="0.001"/>
  <system-out>
    <![CDATA[Login Test Case!!]]>
  </system-out>
  <testcase classname="testNGFlags.Flag3" name="method1" time="0.001"/>
  <system-out>
    <![CDATA[Login Test Case!!]]>
  </system-out>
  <testcase classname="testNGFlags.Flag3" name="method1" time="0.000"/>
  <system-out>
    <![CDATA[Login Test Case!!]]>
  </system-out>
  <testcase classname="testNGFlags.Flag3" name="method1" time="0.001"/>
  <system-out>
    <![CDATA[Login Test Case!!]]>
  </system-out>
  <testcase classname="testNGFlags.Flag3" name="method1" time="0.000"/>
  <system-out>
    <![CDATA[Login Test Case!!]]>
  </system-out>
  <testcase classname="testNGFlags.Flag3" name="method1" time="0.000"/>
  <system-out>
    <![CDATA[Login Test Case!!]]>
  </system-out>
  <testcase classname="testNGFlags.Flag3" name="method1" time="0.002"/>
  <system-out>
    <![CDATA[Login Test Case!!]]>
  </system-out>
  <testcase classname="testNGFlags.Flag3" name="method1" time="0.001"/>
  <system-out>
    <![CDATA[Login Test Case!!]]>
  </system-out>
  <testcase classname="testNGFlags.Flag3" name="method1" time="0.001"/>
  <system-out>
    <![CDATA[Login Test Case!!]]>
  </system-out>
  <testcase classname="testNGFlags.Flag3" name="method1" time="0.000"/>
  <system-out>
    <![CDATA[Login Test Case!!]]>
  </system-out>
  <testcase classname="testNGFlags.Flag3" name="method1" time="0.000"/>
  <system-out>
    <![CDATA[Login Test Case!!]]>
  </system-out>
  <testcase classname="testNGFlags.Flag3" name="method1" time="0.000"/>
  <system-out>
    <![CDATA[Login Test Case!!]]>
  </system-out>
  <testcase classname="testNGFlags.Flag3" name="method1" time="0.000"/>
  <system-out>
    <![CDATA[Login Test Case!!]]>
  </system-out>
  <testcase classname="testNGFlags.Flag3" name="method1" time="0.000"/>
  <system-out>
    <![CDATA[Login Test Case!!]]>
  </system-out>
  <testcase classname="testNGFlags.Flag3" name="method1" time="0.000"/>
  <system-out>
    <![CDATA[Login Test Case!!]]>
  </system-out>
  <testcase classname="testNGFlags.Flag3" name="method1" time="0.000"/>
  <system-out>
    <![CDATA[Login Test Case!!]]>
  </system-out>
  <testcase classname="testNGFlags.Flag3" name="method1" time="0.000"/>
  <system-out>
    <![CDATA[Login Test Case!!]]>
  </system-out>
  <testcase classname="testNGFlags.Flag3" name="method1" time="0.001"/>
  <system-out>
    <![CDATA[Login Test Case!!]]>
  </system-out>
  <testcase classname="testNGFlags.Flag3" name="method1" time="0.001"/>
  <system-out>
    <![CDATA[Login Test Case!!]]>
  </system-out>
  <testcase classname="testNGFlags.Flag3" name="method1" time="0.000"/>
  <system-out>
    <![CDATA[Login Test Case!!]]>
  </system-out>
  <testcase classname="testNGFlags.Flag3" name="method1" time="0.000"/>
  <system-out>
    <![CDATA[Login Test Case!!]]>
  </system-out>
  <testcase classname="testNGFlags.Flag3" name="method1" time="0.000"/>
  <system-out>
    <![CDATA[Login Test Case!!]]>
  </system-out>
  <testcase classname="testNGFlags.Flag3" name="method1" time="0.000"/>
  <system-out>
    <![CDATA[Login Test Case!!]]>
  </system-out>
  <testcase classname="testNGFlags.Flag3" name="method1" time="0.001"/>
  <system-out>
    <![CDATA[Login Test Case!!]]>
  </system-out>
  <testcase classname="testNGFlags.Flag3" name="method1" time="0.001"/>
  <system-out>
    <![CDATA[Login Test Case!!]]>
  </system-out>
  <testcase classname="testNGFlags.Flag3" name="method1" time="0.000"/>
  <system-out>
    <![CDATA[Login Test Case!!]]>
  </system-out>
  <testcase classname="testNGFlags.Flag3" name="method1" time="0.000"/>
  <system-out>
    <![CDATA[Login Test Case!!]]>
  </system-out>
  <testcase classname="testNGFlags.Flag3" name="method1" time="0.001"/>
  <system-out>
    <![CDATA[Login Test Case!!]]>
  </system-out>
  <testcase classname="testNGFlags.Flag3" name="method1" time="0.000"/>
  <system-out>
    <![CDATA[Login Test Case!!]]>
  </system-out>
  <testcase classname="testNGFlags.Flag3" name="method1" time="0.001"/>
  <system-out>
    <![CDATA[Login Test Case!!]]>
  </system-out>
  <testcase classname="testNGFlags.Flag3" name="method1" time="0.000"/>
  <system-out>
    <![CDATA[Login Test Case!!]]>
  </system-out>
  <testcase classname="testNGFlags.Flag3" name="method1" time="0.001"/>
  <system-out>
    <![CDATA[Login Test Case!!]]>
  </system-out>
  <testcase classname="testNGFlags.Flag3" name="method1" time="0.001"/>
  <system-out>
    <![CDATA[Login Test Case!!]]>
  </system-out>
  <testcase classname="testNGFlags.Flag3" name="method1" time="0.000"/>
  <system-out>
    <![CDATA[Login Test Case!!]]>
  </system-out>
  <testcase classname="testNGFlags.Flag3" name="method1" time="0.000"/>
  <system-out>
    <![CDATA[Login Test Case!!]]>
  </system-out>
  <testcase classname="testNGFlags.Flag3" name="method1" time="0.001"/>
  <system-out>
    <![CDATA[Login Test Case!!]]>
  </system-out>
  <testcase classname="testNGFlags.Flag3" name="method1" time="0.001"/>
  <system-out>
    <![CDATA[Login Test Case!!]]>
  </system-out>
  <testcase classname="testNGFlags.Flag3" name="method1" time="0.000"/>
  <system-out>
    <![CDATA[Login Test Case!!]]>
  </system-out>
  <testcase classname="testNGFlags.Flag3" name="method1" time="0.001"/>
  <system-out>
    <![CDATA[Login Test Case!!]]>
  </system-out>
  <testcase classname="testNGFlags.Flag3" name="method1" time="0.000"/>
  <system-out>
    <![CDATA[Login Test Case!!]]>
  </system-out>
  <testcase classname="testNGFlags.Flag3" name="method1" time="0.000"/>
  <system-out>
    <![CDATA[Login Test Case!!]]>
  </system-out>
  <testcase classname="testNGFlags.Flag3" name="method1" time="0.000"/>
  <system-out>
    <![CDATA[Login Test Case!!]]>
  </system-out>
  <testcase classname="testNGFlags.Flag3" name="method1" time="0.000"/>
  <system-out>
    <![CDATA[Login Test Case!!]]>
  </system-out>
  <testcase classname="testNGFlags.Flag3" name="method1" time="0.001"/>
  <system-out>
    <![CDATA[Login Test Case!!]]>
  </system-out>
  <testcase classname="testNGFlags.Flag3" name="method1" time="0.000"/>
  <system-out>
    <![CDATA[Login Test Case!!]]>
  </system-out>
  <testcase classname="testNGFlags.Flag3" name="method1" time="0.001"/>
  <system-out>
    <![CDATA[Login Test Case!!]]>
  </system-out>
  <testcase classname="testNGFlags.Flag3" name="method1" time="0.000"/>
  <system-out>
    <![CDATA[Login Test Case!!]]>
  </system-out>
  <testcase classname="testNGFlags.Flag3" name="method1" time="0.001"/>
  <system-out>
    <![CDATA[Login Test Case!!]]>
  </system-out>
  <testcase classname="testNGFlags.Flag3" name="method1" time="0.001"/>
  <system-out>
    <![CDATA[Login Test Case!!]]>
  </system-out>
  <testcase classname="testNGFlags.Flag3" name="method1" time="0.000"/>
  <system-out>
    <![CDATA[Login Test Case!!]]>
  </system-out>
  <testcase classname="testNGFlags.Flag3" name="method1" time="0.001"/>
  <system-out>
    <![CDATA[Login Test Case!!]]>
  </system-out>
  <testcase classname="testNGFlags.Flag3" name="method1" time="0.000"/>
  <system-out>
    <![CDATA[Login Test Case!!]]>
  </system-out>
  <testcase classname="testNGFlags.Flag3" name="method1" time="0.000"/>
  <system-out>
    <![CDATA[Login Test Case!!]]>
  </system-out>
  <testcase classname="testNGFlags.Flag3" name="method1" time="0.000"/>
  <system-out>
    <![CDATA[Login Test Case!!]]>
  </system-out>
  <testcase classname="testNGFlags.Flag3" name="method1" time="0.000"/>
  <system-out>
    <![CDATA[Login Test Case!!]]>
  </system-out>
  <testcase classname="testNGFlags.Flag3" name="method1" time="0.000"/>
  <system-out>
    <![CDATA[Login Test Case!!]]>
  </system-out>
  <testcase classname="testNGFlags.Flag3" name="method1" time="0.000"/>
  <system-out>
    <![CDATA[Login Test Case!!]]>
  </system-out>
  <testcase classname="testNGFlags.Flag3" name="method1" time="0.001"/>
  <system-out>
    <![CDATA[Login Test Case!!]]>
  </system-out>
  <testcase classname="testNGFlags.Flag3" name="method1" time="0.000"/>
  <system-out>
    <![CDATA[Login Test Case!!]]>
  </system-out>
  <testcase classname="testNGFlags.Flag3" name="method1" time="0.001"/>
  <system-out>
    <![CDATA[Login Test Case!!]]>
  </system-out>
  <testcase classname="testNGFlags.Flag3" name="method1" time="0.001"/>
  <system-out>
    <![CDATA[Login Test Case!!]]>
  </system-out>
  <testcase classname="testNGFlags.Flag3" name="method1" time="0.001"/>
  <system-out>
    <![CDATA[Login Test Case!!]]>
  </system-out>
  <testcase classname="testNGFlags.Flag3" name="method1" time="0.000"/>
  <system-out>
    <![CDATA[Login Test Case!!]]>
  </system-out>
  <testcase classname="testNGFlags.Flag3" name="method1" time="0.000"/>
  <system-out>
    <![CDATA[Login Test Case!!]]>
  </system-out>
  <testcase classname="testNGFlags.Flag3" name="method1" time="0.001"/>
  <system-out>
    <![CDATA[Login Test Case!!]]>
  </system-out>
  <testcase classname="testNGFlags.Flag3" name="method1" time="0.001"/>
  <system-out>
    <![CDATA[Login Test Case!!]]>
  </system-out>
  <testcase classname="testNGFlags.Flag3" name="method1" time="0.001"/>
  <system-out>
    <![CDATA[Login Test Case!!]]>
  </system-out>
  <testcase classname="testNGFlags.Flag3" name="method1" time="0.000"/>
  <system-out>
    <![CDATA[Login Test Case!!]]>
  </system-out>
  <testcase classname="testNGFlags.Flag3" name="method1" time="0.000"/>
  <system-out>
    <![CDATA[Login Test Case!!]]>
  </system-out>
  <testcase classname="testNGFlags.Flag3" name="method1" time="0.000"/>
  <system-out>
    <![CDATA[Login Test Case!!]]>
  </system-out>
  <testcase classname="testNGFlags.Flag3" name="method1" time="0.000"/>
  <system-out>
    <![CDATA[Login Test Case!!]]>
  </system-out>
  <testcase classname="testNGFlags.Flag3" name="method1" time="0.001"/>
  <system-out>
    <![CDATA[Login Test Case!!]]>
  </system-out>
  <testcase classname="testNGFlags.Flag3" name="method1" time="0.000"/>
  <system-out>
    <![CDATA[Login Test Case!!]]>
  </system-out>
  <testcase classname="testNGFlags.Flag3" name="method1" time="0.001"/>
  <system-out>
    <![CDATA[Login Test Case!!]]>
  </system-out>
  <testcase classname="testNGFlags.Flag3" name="method1" time="0.000"/>
  <system-out>
    <![CDATA[Login Test Case!!]]>
  </system-out>
  <testcase classname="testNGFlags.Flag3" name="method1" time="0.000"/>
  <system-out>
    <![CDATA[Login Test Case!!]]>
  </system-out>
  <testcase classname="testNGFlags.Flag3" name="method1" time="0.000"/>
  <system-out>
    <![CDATA[Login Test Case!!]]>
  </system-out>
  <testcase classname="testNGFlags.Flag3" name="method1" time="0.000"/>
  <system-out>
    <![CDATA[Login Test Case!!]]>
  </system-out>
  <testcase classname="testNGFlags.Flag3" name="method1" time="0.000"/>
  <system-out>
    <![CDATA[Login Test Case!!]]>
  </system-out>
  <testcase classname="testNGFlags.Flag3" name="method1" time="0.000"/>
  <system-out>
    <![CDATA[Login Test Case!!]]>
  </system-out>
  <testcase classname="testNGFlags.Flag3" name="method1" time="0.000"/>
  <system-out>
    <![CDATA[Login Test Case!!]]>
  </system-out>
  <testcase classname="testNGFlags.Flag3" name="method1" time="0.000"/>
  <system-out>
    <![CDATA[Login Test Case!!]]>
  </system-out>
  <testcase classname="testNGFlags.Flag3" name="method1" time="0.002"/>
  <system-out>
    <![CDATA[Login Test Case!!]]>
  </system-out>
  <testcase classname="testNGFlags.Flag3" name="method1" time="0.001"/>
  <system-out>
    <![CDATA[Login Test Case!!]]>
  </system-out>
  <testcase classname="testNGFlags.Flag3" name="method1" time="0.001"/>
  <system-out>
    <![CDATA[Login Test Case!!]]>
  </system-out>
  <testcase classname="testNGFlags.Flag3" name="method1" time="0.000"/>
  <system-out>
    <![CDATA[Login Test Case!!]]>
  </system-out>
  <testcase classname="testNGFlags.Flag3" name="method1" time="0.000"/>
  <system-out>
    <![CDATA[Login Test Case!!]]>
  </system-out>
  <testcase classname="testNGFlags.Flag3" name="method1" time="0.001"/>
  <system-out>
    <![CDATA[Login Test Case!!]]>
  </system-out>
  <testcase classname="testNGFlags.Flag3" name="method1" time="0.000"/>
  <system-out>
    <![CDATA[Login Test Case!!]]>
  </system-out>
  <testcase classname="testNGFlags.Flag3" name="method1" time="0.001"/>
  <system-out>
    <![CDATA[Login Test Case!!]]>
  </system-out>
  <testcase classname="testNGFlags.Flag3" name="method1" time="0.001"/>
  <system-out>
    <![CDATA[Login Test Case!!]]>
  </system-out>
  <testcase classname="testNGFlags.Flag3" name="method1" time="0.000"/>
  <system-out>
    <![CDATA[Login Test Case!!]]>
  </system-out>
  <testcase classname="testNGFlags.Flag3" name="method1" time="0.000"/>
  <system-out>
    <![CDATA[Login Test Case!!]]>
  </system-out>
  <testcase classname="testNGFlags.Flag3" name="method1" time="0.001"/>
  <system-out>
    <![CDATA[Login Test Case!!]]>
  </system-out>
  <testcase classname="testNGFlags.Flag3" name="method1" time="0.000"/>
  <system-out>
    <![CDATA[Login Test Case!!]]>
  </system-out>
  <testcase classname="testNGFlags.Flag3" name="method1" time="0.000"/>
  <system-out>
    <![CDATA[Login Test Case!!]]>
  </system-out>
  <testcase classname="testNGFlags.Flag3" name="method1" time="0.000"/>
  <system-out>
    <![CDATA[Login Test Case!!]]>
  </system-out>
  <testcase classname="testNGFlags.Flag3" name="method1" time="0.000"/>
  <system-out>
    <![CDATA[Login Test Case!!]]>
  </system-out>
  <testcase classname="testNGFlags.Flag3" name="method1" time="0.001"/>
  <system-out>
    <![CDATA[Login Test Case!!]]>
  </system-out>
  <testcase classname="testNGFlags.Flag3" name="method1" time="0.000"/>
  <system-out>
    <![CDATA[Login Test Case!!]]>
  </system-out>
  <testcase classname="testNGFlags.Flag3" name="method1" time="0.000"/>
  <system-out>
    <![CDATA[Login Test Case!!]]>
  </system-out>
  <testcase classname="testNGFlags.Flag3" name="method1" time="0.000"/>
  <system-out>
    <![CDATA[Login Test Case!!]]>
  </system-out>
  <testcase classname="testNGFlags.Flag3" name="method1" time="0.001"/>
  <system-out>
    <![CDATA[Login Test Case!!]]>
  </system-out>
  <testcase classname="testNGFlags.Flag3" name="method1" time="0.000"/>
  <system-out>
    <![CDATA[Login Test Case!!]]>
  </system-out>
  <testcase classname="testNGFlags.Flag3" name="method1" time="0.000"/>
  <system-out>
    <![CDATA[Login Test Case!!]]>
  </system-out>
  <testcase classname="testNGFlags.Flag3" name="method1" time="0.000"/>
  <system-out>
    <![CDATA[Login Test Case!!]]>
  </system-out>
  <testcase classname="testNGFlags.Flag3" name="method1" time="0.001"/>
  <system-out>
    <![CDATA[Login Test Case!!]]>
  </system-out>
  <testcase classname="testNGFlags.Flag3" name="method1" time="0.000"/>
  <system-out>
    <![CDATA[Login Test Case!!]]>
  </system-out>
  <testcase classname="testNGFlags.Flag3" name="method1" time="0.001"/>
  <system-out>
    <![CDATA[Login Test Case!!]]>
  </system-out>
  <testcase classname="testNGFlags.Flag3" name="method1" time="0.001"/>
  <system-out>
    <![CDATA[Login Test Case!!]]>
  </system-out>
  <testcase classname="testNGFlags.Flag3" name="method1" time="0.000"/>
  <system-out>
    <![CDATA[Login Test Case!!]]>
  </system-out>
  <testcase classname="testNGFlags.Flag3" name="method1" time="0.000"/>
  <system-out>
    <![CDATA[Login Test Case!!]]>
  </system-out>
  <testcase classname="testNGFlags.Flag3" name="method1" time="0.001"/>
  <system-out>
    <![CDATA[Login Test Case!!]]>
  </system-out>
  <testcase classname="testNGFlags.Flag3" name="method1" time="0.000"/>
  <system-out>
    <![CDATA[Login Test Case!!]]>
  </system-out>
  <testcase classname="testNGFlags.Flag3" name="method1" time="0.000"/>
  <system-out>
    <![CDATA[Login Test Case!!]]>
  </system-out>
  <testcase classname="testNGFlags.Flag3" name="method1" time="0.000"/>
  <system-out>
    <![CDATA[Login Test Case!!]]>
  </system-out>
  <testcase classname="testNGFlags.Flag3" name="method1" time="0.000"/>
  <system-out>
    <![CDATA[Login Test Case!!]]>
  </system-out>
  <testcase classname="testNGFlags.Flag3" name="method1" time="0.001"/>
  <system-out>
    <![CDATA[Login Test Case!!]]>
  </system-out>
</testsuite> <!-- testNGFlags.Flag3 -->
