<?xml version="1.0" encoding="UTF-8"?>
<testng-results ignored="0" total="1" passed="1" failed="0" skipped="0">
  <reporter-output>
    <line>
      <![CDATA[Test Started!!]]>
    </line>
    <line>
      <![CDATA[Browser Opened & Test Will Start!!]]>
    </line>
    <line>
      <![CDATA[Test executed successfully!!]]>
    </line>
  </reporter-output>
  <suite started-at="2023-06-01T11:02:08 IST" name="Default suite" finished-at="2023-06-01T11:02:34 IST" duration-ms="25105">
    <groups>
    </groups>
    <test started-at="2023-06-01T11:02:08 IST" name="Default test" finished-at="2023-06-01T11:02:34 IST" duration-ms="25105">
      <class name="testPackage.ValidLoginTestCase">
        <test-method is-config="true" signature="setUp()[pri:0, instance:testPackage.ValidLoginTestCase@1ba9117e]" started-at="2023-06-01T11:02:09 IST" name="setUp" finished-at="2023-06-01T11:02:10 IST" duration-ms="1976" status="PASS">
          <reporter-output>
          </reporter-output>
        </test-method> <!-- setUp -->
        <test-method signature="validTestCase()[pri:0, instance:testPackage.ValidLoginTestCase@1ba9117e]" started-at="2023-06-01T11:02:10 IST" name="validTestCase" finished-at="2023-06-01T11:02:33 IST" duration-ms="22757" status="PASS">
          <reporter-output>
            <line>
              <![CDATA[Browser Opened & Test Will Start!!]]>
            </line>
            <line>
              <![CDATA[Test executed successfully!!]]>
            </line>
          </reporter-output>
        </test-method> <!-- validTestCase -->
        <test-method is-config="true" signature="tearDown()[pri:0, instance:testPackage.ValidLoginTestCase@1ba9117e]" started-at="2023-06-01T11:02:33 IST" name="tearDown" finished-at="2023-06-01T11:02:34 IST" duration-ms="315" status="PASS">
          <reporter-output>
          </reporter-output>
        </test-method> <!-- tearDown -->
      </class> <!-- testPackage.ValidLoginTestCase -->
    </test> <!-- Default test -->
  </suite> <!-- Default suite -->
</testng-results>
