<?xml version="1.0" encoding="UTF-8"?>
<!-- Generated by org.testng.reporters.JUnitXMLReporter -->
<testsuite ignored="0" hostname="LAPTOP-KNL22F4G" failures="0" tests="3" name="Test" time="14.862" errors="0" timestamp="2023-05-23T10:39:57 IST">
  <testcase classname="testNGAnnotations.GoogleSearchTestCase" name="search1" time="0.241"/>
  <testcase classname="testNGAnnotations.GoogleSearchTestCase" name="search2" time="0.256"/>
  <testcase classname="testNGAnnotations.GoogleSearchTestCase" name="serach3" time="0.264"/>
</testsuite> <!-- Test -->
