<?xml version="1.0" encoding="UTF-8"?>
<!-- Generated by org.testng.reporters.JUnitXMLReporter -->
<testsuite ignored="0" hostname="LAPTOP-KNL22F4G" failures="0" tests="3" name="Test" time="8.821" errors="0" timestamp="2023-05-22T10:57:21 IST">
  <testcase classname="testNGPack2.Test2" name="test2Method" time="3.254"/>
  <testcase classname="testNGPack2.Test3" name="test3Method" time="2.819"/>
  <testcase classname="testNGPack2.Test1" name="test1Method" time="2.698"/>
</testsuite> <!-- Test -->
