<?xml version="1.0" encoding="UTF-8"?>
<!-- Generated by org.testng.reporters.JUnitXMLReporter -->
<testsuite ignored="0" hostname="LAPTOP-KNL22F4G" failures="0" tests="5" name="Default test" time="19.696" errors="0" timestamp="2023-05-30T10:26:58 IST">
  <testcase classname="dynamicScreenShot.ActiTimeDataProvider" name="loginInvalid" time="2.345"/>
  <testcase classname="dynamicScreenShot.ActiTimeDataProvider" name="loginInvalid" time="2.325"/>
  <testcase classname="dynamicScreenShot.ActiTimeDataProvider" name="loginInvalid" time="2.28"/>
  <testcase classname="dynamicScreenShot.ActiTimeDataProvider" name="loginInvalid" time="2.271"/>
  <testcase classname="dynamicScreenShot.ActiTimeDataProvider" name="loginInvalid" time="2.281"/>
</testsuite> <!-- Default test -->
