<?xml version="1.0" encoding="UTF-8"?>
<testng-results ignored="0" total="5" passed="5" failed="0" skipped="0">
  <reporter-output>
  </reporter-output>
  <suite started-at="2023-05-30T10:26:39 IST" name="Default suite" finished-at="2023-05-30T10:26:58 IST" duration-ms="19696">
    <groups>
    </groups>
    <test started-at="2023-05-30T10:26:39 IST" name="Default test" finished-at="2023-05-30T10:26:58 IST" duration-ms="19696">
      <class name="dynamicScreenShot.ActiTimeDataProvider">
        <test-method is-config="true" signature="property()[pri:0, instance:dynamicScreenShot.ActiTimeDataProvider@49c7b90e]" started-at="2023-05-30T10:26:39 IST" name="property" finished-at="2023-05-30T10:26:39 IST" duration-ms="10" status="PASS">
          <reporter-output>
          </reporter-output>
        </test-method> <!-- property -->
        <test-method is-config="true" signature="setUp()[pri:0, instance:dynamicScreenShot.ActiTimeDataProvider@49c7b90e]" started-at="2023-05-30T10:26:39 IST" name="setUp" finished-at="2023-05-30T10:26:41 IST" duration-ms="2825" status="PASS">
          <reporter-output>
          </reporter-output>
        </test-method> <!-- setUp -->
        <test-method signature="loginInvalid(java.lang.String,java.lang.String)[pri:0, instance:dynamicScreenShot.ActiTimeDataProvider@49c7b90e]" started-at="2023-05-30T10:26:41 IST" name="loginInvalid" data-provider="testActiTime" finished-at="2023-05-30T10:26:44 IST" duration-ms="2345" status="PASS">
          <params>
            <param index="0">
              <value>
                <![CDATA[Admin]]>
              </value>
            </param>
            <param index="1">
              <value>
                <![CDATA[Manager]]>
              </value>
            </param>
          </params>
          <reporter-output>
          </reporter-output>
        </test-method> <!-- loginInvalid -->
        <test-method is-config="true" signature="tearDown()[pri:0, instance:dynamicScreenShot.ActiTimeDataProvider@49c7b90e]" started-at="2023-05-30T10:26:44 IST" name="tearDown" finished-at="2023-05-30T10:26:44 IST" duration-ms="252" status="PASS">
          <reporter-output>
          </reporter-output>
        </test-method> <!-- tearDown -->
        <test-method is-config="true" signature="setUp()[pri:0, instance:dynamicScreenShot.ActiTimeDataProvider@49c7b90e]" started-at="2023-05-30T10:26:44 IST" name="setUp" finished-at="2023-05-30T10:26:45 IST" duration-ms="1026" status="PASS">
          <reporter-output>
          </reporter-output>
        </test-method> <!-- setUp -->
        <test-method signature="loginInvalid(java.lang.String,java.lang.String)[pri:0, instance:dynamicScreenShot.ActiTimeDataProvider@49c7b90e]" started-at="2023-05-30T10:26:45 IST" name="loginInvalid" data-provider="testActiTime" finished-at="2023-05-30T10:26:47 IST" duration-ms="2325" status="PASS">
          <params>
            <param index="0">
              <value>
                <![CDATA[Admin123]]>
              </value>
            </param>
            <param index="1">
              <value>
                <![CDATA[Manager123]]>
              </value>
            </param>
          </params>
          <reporter-output>
          </reporter-output>
        </test-method> <!-- loginInvalid -->
        <test-method is-config="true" signature="tearDown()[pri:0, instance:dynamicScreenShot.ActiTimeDataProvider@49c7b90e]" started-at="2023-05-30T10:26:47 IST" name="tearDown" finished-at="2023-05-30T10:26:48 IST" duration-ms="190" status="PASS">
          <reporter-output>
          </reporter-output>
        </test-method> <!-- tearDown -->
        <test-method is-config="true" signature="setUp()[pri:0, instance:dynamicScreenShot.ActiTimeDataProvider@49c7b90e]" started-at="2023-05-30T10:26:48 IST" name="setUp" finished-at="2023-05-30T10:26:49 IST" duration-ms="1152" status="PASS">
          <reporter-output>
          </reporter-output>
        </test-method> <!-- setUp -->
        <test-method signature="loginInvalid(java.lang.String,java.lang.String)[pri:0, instance:dynamicScreenShot.ActiTimeDataProvider@49c7b90e]" started-at="2023-05-30T10:26:49 IST" name="loginInvalid" data-provider="testActiTime" finished-at="2023-05-30T10:26:51 IST" duration-ms="2280" status="PASS">
          <params>
            <param index="0">
              <value>
                <![CDATA[Ad@min]]>
              </value>
            </param>
            <param index="1">
              <value>
                <![CDATA[Mana@ger]]>
              </value>
            </param>
          </params>
          <reporter-output>
          </reporter-output>
        </test-method> <!-- loginInvalid -->
        <test-method is-config="true" signature="tearDown()[pri:0, instance:dynamicScreenShot.ActiTimeDataProvider@49c7b90e]" started-at="2023-05-30T10:26:51 IST" name="tearDown" finished-at="2023-05-30T10:26:51 IST" duration-ms="185" status="PASS">
          <reporter-output>
          </reporter-output>
        </test-method> <!-- tearDown -->
        <test-method is-config="true" signature="setUp()[pri:0, instance:dynamicScreenShot.ActiTimeDataProvider@49c7b90e]" started-at="2023-05-30T10:26:51 IST" name="setUp" finished-at="2023-05-30T10:26:52 IST" duration-ms="1067" status="PASS">
          <reporter-output>
          </reporter-output>
        </test-method> <!-- setUp -->
        <test-method signature="loginInvalid(java.lang.String,java.lang.String)[pri:0, instance:dynamicScreenShot.ActiTimeDataProvider@49c7b90e]" started-at="2023-05-30T10:26:52 IST" name="loginInvalid" data-provider="testActiTime" finished-at="2023-05-30T10:26:55 IST" duration-ms="2271" status="PASS">
          <params>
            <param index="0">
              <value>
                <![CDATA[Adm_in]]>
              </value>
            </param>
            <param index="1">
              <value>
                <![CDATA[Mana_ger]]>
              </value>
            </param>
          </params>
          <reporter-output>
          </reporter-output>
        </test-method> <!-- loginInvalid -->
        <test-method is-config="true" signature="tearDown()[pri:0, instance:dynamicScreenShot.ActiTimeDataProvider@49c7b90e]" started-at="2023-05-30T10:26:55 IST" name="tearDown" finished-at="2023-05-30T10:26:55 IST" duration-ms="164" status="PASS">
          <reporter-output>
          </reporter-output>
        </test-method> <!-- tearDown -->
        <test-method is-config="true" signature="setUp()[pri:0, instance:dynamicScreenShot.ActiTimeDataProvider@49c7b90e]" started-at="2023-05-30T10:26:55 IST" name="setUp" finished-at="2023-05-30T10:26:56 IST" duration-ms="1086" status="PASS">
          <reporter-output>
          </reporter-output>
        </test-method> <!-- setUp -->
        <test-method signature="loginInvalid(java.lang.String,java.lang.String)[pri:0, instance:dynamicScreenShot.ActiTimeDataProvider@49c7b90e]" started-at="2023-05-30T10:26:56 IST" name="loginInvalid" data-provider="testActiTime" finished-at="2023-05-30T10:26:58 IST" duration-ms="2281" status="PASS">
          <params>
            <param index="0">
              <value>
                <![CDATA[Manager]]>
              </value>
            </param>
            <param index="1">
              <value>
                <![CDATA[Admin]]>
              </value>
            </param>
          </params>
          <reporter-output>
          </reporter-output>
        </test-method> <!-- loginInvalid -->
        <test-method is-config="true" signature="tearDown()[pri:0, instance:dynamicScreenShot.ActiTimeDataProvider@49c7b90e]" started-at="2023-05-30T10:26:58 IST" name="tearDown" finished-at="2023-05-30T10:26:58 IST" duration-ms="182" status="PASS">
          <reporter-output>
          </reporter-output>
        </test-method> <!-- tearDown -->
      </class> <!-- dynamicScreenShot.ActiTimeDataProvider -->
    </test> <!-- Default test -->
  </suite> <!-- Default suite -->
</testng-results>
