<?xml version="1.0" encoding="UTF-8"?>
<testng-results ignored="0" total="3" passed="3" failed="0" skipped="0">
  <reporter-output>
  </reporter-output>
  <suite started-at="2023-05-25T11:23:13 IST" name="Suite" finished-at="2023-05-25T11:23:23 IST" duration-ms="9210">
    <groups>
    </groups>
    <test started-at="2023-05-25T11:23:13 IST" name="Test" finished-at="2023-05-25T11:23:23 IST" duration-ms="9210">
      <class name="testNGPack2.Test1">
        <test-method signature="test1Method()[pri:0, instance:testNGPack2.Test1@cad498c]" started-at="2023-05-25T11:23:13 IST" name="test1Method" finished-at="2023-05-25T11:23:22 IST" duration-ms="8345" status="PASS">
          <reporter-output>
          </reporter-output>
        </test-method> <!-- test1Method -->
      </class> <!-- testNGPack2.Test1 -->
      <class name="testNGPack2.Test2">
        <test-method signature="test2Method()[pri:0, instance:testNGPack2.Test2@55536d9e]" started-at="2023-05-25T11:23:13 IST" name="test2Method" finished-at="2023-05-25T11:23:23 IST" duration-ms="9168" status="PASS">
          <reporter-output>
          </reporter-output>
        </test-method> <!-- test2Method -->
      </class> <!-- testNGPack2.Test2 -->
      <class name="testNGPack2.Test3">
        <test-method signature="test3Method()[pri:0, instance:testNGPack2.Test3@66498326]" started-at="2023-05-25T11:23:13 IST" name="test3Method" finished-at="2023-05-25T11:23:21 IST" duration-ms="8141" status="PASS">
          <reporter-output>
          </reporter-output>
        </test-method> <!-- test3Method -->
      </class> <!-- testNGPack2.Test3 -->
    </test> <!-- Test -->
  </suite> <!-- Suite -->
</testng-results>
